"../../../Engine/Plugins/2D/Paper2D/Content/PlaceholderTextures/DummySpriteTexture.ubulk" 0
"../../../Engine/Plugins/2D/Paper2D/Content/PlaceholderTextures/DummySpriteTexture.uasset" 1
"../../../Engine/Plugins/2D/Paper2D/Content/PlaceholderTextures/DummySpriteTexture.uexp" 2
"../../../Engine/Plugins/2D/Paper2D/Content/DummySprite.uasset" 3
"../../../Engine/Plugins/2D/Paper2D/Content/DummySprite.uexp" 4
"../../../Engine/Plugins/2D/Paper2D/Content/DefaultPaperTerrainMaterial.uasset" 5
"../../../Engine/Plugins/2D/Paper2D/Content/DefaultPaperTerrainMaterial.uexp" 6
"../../../Engine/Content/Animation/DefaultRecorderBoneCompression.uasset" 7
"../../../Engine/Content/Animation/DefaultRecorderBoneCompression.uexp" 8
"../../../Engine/Content/EngineSounds/Master.uasset" 9
"../../../Engine/Content/EngineSounds/Master.uexp" 10
"../../../Engine/Content/EngineMaterials/DefaultPhysicalMaterial.uasset" 11
"../../../Engine/Content/EngineMaterials/DefaultPhysicalMaterial.uexp" 12
"../../../Engine/Content/EngineMaterials/DefaultDestructiblePhysicalMaterial.uasset" 13
"../../../Engine/Content/EngineMaterials/DefaultDestructiblePhysicalMaterial.uexp" 14
"../../../Engine/Content/EngineFonts/Faces/RobotoLight.uexp" 15
"../../../Engine/Content/EngineFonts/Faces/RobotoLight.uasset" 16
"../../../Engine/Content/EngineFonts/Faces/RobotoLight.ufont" 17
"../../../Engine/Content/EngineFonts/Faces/RobotoBold.uexp" 18
"../../../Engine/Content/EngineFonts/Faces/RobotoBold.uasset" 19
"../../../Engine/Content/EngineFonts/Faces/RobotoBold.ufont" 20
"../../../Engine/Content/EngineFonts/Faces/RobotoRegular.uexp" 21
"../../../Engine/Content/EngineFonts/Faces/RobotoRegular.uasset" 22
"../../../Engine/Content/EngineFonts/Faces/RobotoRegular.ufont" 23
"../../../Engine/Content/EngineFonts/Faces/DroidSansFallback.uexp" 24
"../../../Engine/Content/EngineFonts/Faces/DroidSansFallback.uasset" 25
"../../../Engine/Content/EngineFonts/Faces/DroidSansFallback.ufont" 26
"../../../Engine/Content/EngineFonts/Faces/RobotoItalic.uexp" 27
"../../../Engine/Content/EngineFonts/Faces/RobotoItalic.uasset" 28
"../../../Engine/Content/EngineFonts/Faces/RobotoItalic.ufont" 29
"../../../Engine/Content/EngineFonts/Faces/RobotoBoldItalic.uexp" 30
"../../../Engine/Content/EngineFonts/Faces/RobotoBoldItalic.uasset" 31
"../../../Engine/Content/EngineFonts/Faces/RobotoBoldItalic.ufont" 32
"../../../Engine/Content/EngineFonts/Roboto.uasset" 33
"../../../Engine/Content/EngineFonts/Roboto.uexp" 34
"../../../Engine/Plugins/Interchange/Runtime/Content/Pipelines/DefaultTexturePipeline.uasset" 35
"../../../Engine/Plugins/Interchange/Runtime/Content/Pipelines/DefaultTexturePipeline.uexp" 36
"../../../Engine/Plugins/Interchange/Runtime/Content/Pipelines/DefaultSceneLevelPipeline.uasset" 37
"../../../Engine/Plugins/Interchange/Runtime/Content/Pipelines/DefaultSceneLevelPipeline.uexp" 38
"../../../Engine/Plugins/Interchange/Runtime/Content/Pipelines/DefaultSceneAssetsPipeline.uasset" 39
"../../../Engine/Plugins/Interchange/Runtime/Content/Pipelines/DefaultSceneAssetsPipeline.uexp" 40
"../../../Engine/Plugins/Interchange/Runtime/Content/Pipelines/DefaultMaterialXPipeline.uasset" 41
"../../../Engine/Plugins/Interchange/Runtime/Content/Pipelines/DefaultMaterialXPipeline.uexp" 42
"../../../Engine/Plugins/Interchange/Runtime/Content/Pipelines/DefaultMaterialPipeline.uasset" 43
"../../../Engine/Plugins/Interchange/Runtime/Content/Pipelines/DefaultMaterialPipeline.uexp" 44
"../../../Engine/Plugins/Interchange/Runtime/Content/Pipelines/DefaultGLTFSceneAssetsPipeline.uasset" 45
"../../../Engine/Plugins/Interchange/Runtime/Content/Pipelines/DefaultGLTFSceneAssetsPipeline.uexp" 46
"../../../Engine/Plugins/Interchange/Runtime/Content/Pipelines/DefaultGLTFPipeline.uasset" 47
"../../../Engine/Plugins/Interchange/Runtime/Content/Pipelines/DefaultGLTFPipeline.uexp" 48
"../../../Engine/Plugins/Interchange/Runtime/Content/Pipelines/DefaultGLTFAssetsPipeline.uasset" 49
"../../../Engine/Plugins/Interchange/Runtime/Content/Pipelines/DefaultGLTFAssetsPipeline.uexp" 50
"../../../Engine/Plugins/Interchange/Runtime/Content/Pipelines/DefaultAssetsPipeline.uasset" 51
"../../../Engine/Plugins/Interchange/Runtime/Content/Pipelines/DefaultAssetsPipeline.uexp" 52
"../../../Engine/Plugins/Animation/ControlRig/Content/Controls/DefaultGizmoLibraryNormalized.uasset" 53
"../../../Engine/Plugins/Animation/ControlRig/Content/Controls/DefaultGizmoLibraryNormalized.uexp" 54
"../../../Engine/Content/MobileResources/HUD/VirtualJoystick_Background.uasset" 55
"../../../Engine/Content/MobileResources/HUD/VirtualJoystick_Background.uexp" 56
"../../../Engine/Content/MobileResources/HUD/VirtualJoystick_Thumb.uasset" 57
"../../../Engine/Content/MobileResources/HUD/VirtualJoystick_Thumb.uexp" 58
"../../../Engine/Content/MobileResources/HUD/DefaultVirtualJoysticks.uasset" 59
"../../../Engine/Content/MobileResources/HUD/DefaultVirtualJoysticks.uexp" 60
"../../../Engine/Content/EditorResources/S_Actor.ubulk" 61
"../../../Engine/Content/EditorResources/S_Actor.uasset" 62
"../../../Engine/Content/EditorResources/S_Actor.uexp" 63
"../../../Engine/Content/EditorLandscapeResources/DefaultAlphaTexture.uasset" 64
"../../../Engine/Content/EditorLandscapeResources/DefaultAlphaTexture.uexp" 65
"../../../Engine/Content/EngineResources/GradientTexture0.uasset" 66
"../../../Engine/Content/EngineResources/GradientTexture0.uexp" 67
"../../../Engine/Content/EngineResources/DefaultTexture.ubulk" 68
"../../../Engine/Content/EngineResources/DefaultTexture.uasset" 69
"../../../Engine/Content/EngineResources/DefaultTexture.uexp" 70
"../../../Engine/Content/EngineResources/Black.uasset" 71
"../../../Engine/Content/EngineResources/Black.uexp" 72
"../../../Engine/Content/EngineMaterials/PreintegratedSkinBRDF.uasset" 73
"../../../Engine/Content/EngineMaterials/PreintegratedSkinBRDF.uexp" 74
"../../../Engine/Content/EngineMaterials/MiniFont.uasset" 75
"../../../Engine/Content/EngineMaterials/MiniFont.uexp" 76
"../../../Engine/Content/EngineMaterials/FastBlueNoise_vec2_128x128x64.uasset" 77
"../../../Engine/Content/EngineMaterials/FastBlueNoise_vec2_128x128x64.uexp" 78
"../../../Engine/Content/EngineMaterials/FastBlueNoise_scalar_128x128x64.uasset" 79
"../../../Engine/Content/EngineMaterials/FastBlueNoise_scalar_128x128x64.uexp" 80
"../../../Engine/Content/EngineMaterials/DefaultWhiteGrid.ubulk" 81
"../../../Engine/Content/EngineMaterials/DefaultWhiteGrid.uasset" 82
"../../../Engine/Content/EngineMaterials/DefaultWhiteGrid.uexp" 83
"../../../Engine/Content/EngineMaterials/DefaultBokeh.uasset" 84
"../../../Engine/Content/EngineMaterials/DefaultBokeh.uexp" 85
"../../../Engine/Content/EngineMaterials/DefaultBloomKernel.uasset" 86
"../../../Engine/Content/EngineMaterials/DefaultBloomKernel.uexp" 87
"../../../Engine/Content/EngineDamageTypes/DmgTypeBP_Environmental.uasset" 88
"../../../Engine/Content/EngineDamageTypes/DmgTypeBP_Environmental.uexp" 89
"../../../Engine/Content/EditorResources/S_TriggerSphere.uasset" 90
"../../../Engine/Content/EditorResources/S_TriggerSphere.uexp" 91
"../../../Engine/Content/EditorResources/S_TriggerCapsule.uasset" 92
"../../../Engine/Content/EditorResources/S_TriggerCapsule.uexp" 93
"../../../Engine/Content/EditorResources/S_TriggerBox.uasset" 94
"../../../Engine/Content/EditorResources/S_TriggerBox.uexp" 95
"../../../Engine/Content/EditorResources/S_Trigger.ubulk" 96
"../../../Engine/Content/EditorResources/S_Trigger.uasset" 97
"../../../Engine/Content/EditorResources/S_Trigger.uexp" 98
"../../../Engine/Content/EditorResources/S_Terrain.ubulk" 99
"../../../Engine/Content/EditorResources/S_Terrain.uasset" 100
"../../../Engine/Content/EditorResources/S_Terrain.uexp" 101
"../../../Engine/Content/EditorResources/S_Solver.ubulk" 102
"../../../Engine/Content/EditorResources/S_Solver.uasset" 103
"../../../Engine/Content/EditorResources/S_Solver.uexp" 104
"../../../Engine/Content/EditorResources/S_BoxReflectionCapture.uasset" 105
"../../../Engine/Content/EditorResources/S_BoxReflectionCapture.uexp" 106
"../../../Engine/Content/EditorResources/BSPVertex.uasset" 107
"../../../Engine/Content/EditorResources/BSPVertex.uexp" 108
"../../../Engine/Plugins/Runtime/AudioWidgets/Content/Resources/ScrubHandleDown_Clamped.uasset" 109
"../../../Engine/Plugins/Runtime/AudioWidgets/Content/Resources/ScrubHandleDown_Clamped.uexp" 110
"D:/Gobbo3/GobbosDream/Content/interact.uasset" 111
"D:/Gobbo3/GobbosDream/Content/interact.uexp" 112
"D:/Gobbo3/GobbosDream/Content/ThirdPerson/Input/Actions/IA_Interact.uasset" 113
"D:/Gobbo3/GobbosDream/Content/ThirdPerson/Input/Actions/IA_Interact.uexp" 114
"D:/Gobbo3/GobbosDream/Content/BP_SaveGame.uasset" 115
"D:/Gobbo3/GobbosDream/Content/BP_SaveGame.uexp" 116
"D:/Gobbo3/GobbosDream/Content/KeyCard.uasset" 117
"D:/Gobbo3/GobbosDream/Content/KeyCard.uexp" 118
"D:/Gobbo3/GobbosDream/Content/Menu_UI/BlankCloud.uasset" 119
"D:/Gobbo3/GobbosDream/Content/Menu_UI/BlankCloud.uexp" 120
"D:/Gobbo3/GobbosDream/Content/Menu_UI/Gobbo_Blank.uasset" 121
"D:/Gobbo3/GobbosDream/Content/Menu_UI/Gobbo_Blank.uexp" 122
"D:/Gobbo3/GobbosDream/Content/Menu_UI/W_ScoreScreen.uasset" 123
"D:/Gobbo3/GobbosDream/Content/Menu_UI/W_ScoreScreen.uexp" 124
"D:/Gobbo3/GobbosDream/Content/HUD_UI/WB_Timer.uasset" 125
"D:/Gobbo3/GobbosDream/Content/HUD_UI/WB_Timer.uexp" 126
"../../../Engine/Plugins/Animation/ACLPlugin/Content/ACLAnimBoneCompressionSettings.uasset" 127
"../../../Engine/Plugins/Animation/ACLPlugin/Content/ACLAnimBoneCompressionSettings.uexp" 128
"../../../Engine/Content/Animation/DefaultVariableFrameStrippingSettings.uasset" 129
"../../../Engine/Content/Animation/DefaultVariableFrameStrippingSettings.uexp" 130
"D:/Gobbo3/GobbosDream/Content/Gobbo_Unrigged_Current__1__Skeleton.uasset" 131
"D:/Gobbo3/GobbosDream/Content/Gobbo_Unrigged_Current__1__Skeleton.uexp" 132
"../../../Engine/Plugins/Animation/ACLPlugin/Content/ACLAnimCurveCompressionSettings.uasset" 133
"../../../Engine/Plugins/Animation/ACLPlugin/Content/ACLAnimCurveCompressionSettings.uexp" 134
"D:/Gobbo3/GobbosDream/Content/GoboAnim/Idle.uasset" 135
"D:/Gobbo3/GobbosDream/Content/GoboAnim/Idle.uexp" 136
"D:/Gobbo3/GobbosDream/Content/GoboAnim/Walking.uasset" 137
"D:/Gobbo3/GobbosDream/Content/GoboAnim/Walking.uexp" 138
"D:/Gobbo3/GobbosDream/Content/GoboAnim/NewAnimBlueprint.uasset" 139
"D:/Gobbo3/GobbosDream/Content/GoboAnim/NewAnimBlueprint.uexp" 140
"D:/Gobbo3/GobbosDream/Content/ThirdPerson/Input/Actions/IA_Jump.uasset" 141
"D:/Gobbo3/GobbosDream/Content/ThirdPerson/Input/Actions/IA_Jump.uexp" 142
"D:/Gobbo3/GobbosDream/Content/ThirdPerson/Input/Actions/IA_Look.uasset" 143
"D:/Gobbo3/GobbosDream/Content/ThirdPerson/Input/Actions/IA_Look.uexp" 144
"D:/Gobbo3/GobbosDream/Content/ThirdPerson/Input/Actions/IA_Move.uasset" 145
"D:/Gobbo3/GobbosDream/Content/ThirdPerson/Input/Actions/IA_Move.uexp" 146
"D:/Gobbo3/GobbosDream/Content/ThirdPerson/Input/IMC_Default.uasset" 147
"D:/Gobbo3/GobbosDream/Content/ThirdPerson/Input/IMC_Default.uexp" 148
"D:/Gobbo3/GobbosDream/Content/assets/Textures/Sack_low_Sack_MAT_BaseColor.ubulk" 149
"D:/Gobbo3/GobbosDream/Content/assets/Textures/Sack_low_Sack_MAT_BaseColor.uasset" 150
"D:/Gobbo3/GobbosDream/Content/assets/Textures/Sack_low_Sack_MAT_BaseColor.uexp" 151
"D:/Gobbo3/GobbosDream/Content/assets/Textures/Sack_low_Sack_MAT_BaseColor_Mat.uasset" 152
"D:/Gobbo3/GobbosDream/Content/assets/Textures/Sack_low_Sack_MAT_BaseColor_Mat.uexp" 153
"D:/Gobbo3/GobbosDream/Content/Bag_noSkele.ubulk" 154
"D:/Gobbo3/GobbosDream/Content/Bag_noSkele.uasset" 155
"D:/Gobbo3/GobbosDream/Content/Bag_noSkele.uexp" 156
"D:/Gobbo3/GobbosDream/Content/GoboAnim/Dying.uasset" 157
"D:/Gobbo3/GobbosDream/Content/GoboAnim/Dying.uexp" 158
"D:/Gobbo3/GobbosDream/Content/GoboAnim/Dying_Montage.uasset" 159
"D:/Gobbo3/GobbosDream/Content/GoboAnim/Dying_Montage.uexp" 160
"D:/Gobbo3/GobbosDream/Content/Menu_UI/WB_Death.uasset" 161
"D:/Gobbo3/GobbosDream/Content/Menu_UI/WB_Death.uexp" 162
"D:/Gobbo3/GobbosDream/Content/BPI_Interact.uasset" 163
"D:/Gobbo3/GobbosDream/Content/BPI_Interact.uexp" 164
"D:/Gobbo3/GobbosDream/Content/Gobbo_Unrigged_Current__1__PhysicsAsset.uasset" 165
"D:/Gobbo3/GobbosDream/Content/Gobbo_Unrigged_Current__1__PhysicsAsset.uexp" 166
"D:/Gobbo3/GobbosDream/Content/assets/Textures/Gobbo_low_Gobbo_MAT_BaseColor.ubulk" 167
"D:/Gobbo3/GobbosDream/Content/assets/Textures/Gobbo_low_Gobbo_MAT_BaseColor.uasset" 168
"D:/Gobbo3/GobbosDream/Content/assets/Textures/Gobbo_low_Gobbo_MAT_BaseColor.uexp" 169
"D:/Gobbo3/GobbosDream/Content/assets/Textures/Gobbo_low_Gobbo_MAT_BaseColor_Mat.uasset" 170
"D:/Gobbo3/GobbosDream/Content/assets/Textures/Gobbo_low_Gobbo_MAT_BaseColor_Mat.uexp" 171
"D:/Gobbo3/GobbosDream/Content/Gobbo_Unrigged_Current__1_.uasset" 172
"D:/Gobbo3/GobbosDream/Content/Gobbo_Unrigged_Current__1_.uexp" 173
"D:/Gobbo3/GobbosDream/Content/ThirdPerson/Blueprints/BP_ThirdPersonCharacter.uasset" 174
"D:/Gobbo3/GobbosDream/Content/ThirdPerson/Blueprints/BP_ThirdPersonCharacter.uexp" 175
"D:/Gobbo3/GobbosDream/Content/ThirdPerson/Blueprints/BP_ThirdPersonGameMode.uasset" 176
"D:/Gobbo3/GobbosDream/Content/ThirdPerson/Blueprints/BP_ThirdPersonGameMode.uexp" 177
"../../../Engine/Content/EngineResources/FilmGrains/Marcie_Grain_v3_128_M2_000.uasset" 178
"../../../Engine/Content/EngineResources/FilmGrains/Marcie_Grain_v3_128_M2_000.uexp" 179
"../../../Engine/Content/EngineMaterials/LTC/Sheen_LTC.uasset" 180
"../../../Engine/Content/EngineMaterials/LTC/Sheen_LTC.uexp" 181
"../../../Engine/Content/EngineMaterials/LTC/GGX_LTCMat.uasset" 182
"../../../Engine/Content/EngineMaterials/LTC/GGX_LTCMat.uexp" 183
"../../../Engine/Content/EngineMaterials/LTC/GGX_LTCAmp.uasset" 184
"../../../Engine/Content/EngineMaterials/LTC/GGX_LTCAmp.uexp" 185
"../../../Engine/Content/EngineMaterials/EnergyConservation/Sheen_Energy.uasset" 186
"../../../Engine/Content/EngineMaterials/EnergyConservation/Sheen_Energy.uexp" 187
"../../../Engine/Content/EngineMaterials/EnergyConservation/SheenLegacy_Energy.uasset" 188
"../../../Engine/Content/EngineMaterials/EnergyConservation/SheenLegacy_Energy.uexp" 189
"../../../Engine/Content/EngineMaterials/EnergyConservation/GGX_TransmissionEnergyArray.uasset" 190
"../../../Engine/Content/EngineMaterials/EnergyConservation/GGX_TransmissionEnergyArray.uexp" 191
"../../../Engine/Content/EngineMaterials/EnergyConservation/GGX_ReflectionEnergy.uasset" 192
"../../../Engine/Content/EngineMaterials/EnergyConservation/GGX_ReflectionEnergy.uexp" 193
"../../../Engine/Content/EngineMaterials/EnergyConservation/Diffuse_Energy.uasset" 194
"../../../Engine/Content/EngineMaterials/EnergyConservation/Diffuse_Energy.uexp" 195
"../../../Engine/Content/EditorResources/SequenceRecorder/RecordingIndicator.uasset" 196
"../../../Engine/Content/EditorResources/SequenceRecorder/RecordingIndicator.uexp" 197
"../../../Engine/Content/EditorResources/SequenceRecorder/Countdown.uasset" 198
"../../../Engine/Content/EditorResources/SequenceRecorder/Countdown.uexp" 199
"../../../Engine/Content/EditorMaterials/ParticleSystems/PSysThumbnail_OOD.ubulk" 200
"../../../Engine/Content/EditorMaterials/ParticleSystems/PSysThumbnail_OOD.uasset" 201
"../../../Engine/Content/EditorMaterials/ParticleSystems/PSysThumbnail_OOD.uexp" 202
"../../../Engine/Content/EditorMaterials/ParticleSystems/PSysThumbnail_NoImage.ubulk" 203
"../../../Engine/Content/EditorMaterials/ParticleSystems/PSysThumbnail_NoImage.uasset" 204
"../../../Engine/Content/EditorMaterials/ParticleSystems/PSysThumbnail_NoImage.uexp" 205
"../../../Engine/Content/EngineResources/DefaultTextureCube.uasset" 206
"../../../Engine/Content/EngineResources/DefaultTextureCube.uexp" 207
"../../../Engine/Content/EngineResources/DefaultVolumeTexture2D.uasset" 208
"../../../Engine/Content/EngineResources/DefaultVolumeTexture2D.uexp" 209
"../../../Engine/Content/EngineResources/DefaultVolumeTexture.uasset" 210
"../../../Engine/Content/EngineResources/DefaultVolumeTexture.uexp" 211
"../../../Engine/Content/EngineMeshes/Sphere.ubulk" 212
"../../../Engine/Content/EngineMeshes/Sphere.uasset" 213
"../../../Engine/Content/EngineMeshes/Sphere.uexp" 214
"../../../Engine/Plugins/NNE/NNEDenoiser/Content/NNEDTOM_Output_Default.uasset" 215
"../../../Engine/Plugins/NNE/NNEDenoiser/Content/NNEDTOM_Output_Default.uexp" 216
"../../../Engine/Plugins/NNE/NNEDenoiser/Content/NNEDTOM_Output_Alpha.uasset" 217
"../../../Engine/Plugins/NNE/NNEDenoiser/Content/NNEDTOM_Output_Alpha.uexp" 218
"../../../Engine/Plugins/NNE/NNEDenoiser/Content/NNEDTIM_ColorAlbedoNormal_Default.uasset" 219
"../../../Engine/Plugins/NNE/NNEDenoiser/Content/NNEDTIM_ColorAlbedoNormal_Default.uexp" 220
"../../../Engine/Plugins/NNE/NNEDenoiser/Content/NNEDTIM_ColorAlbedoNormal_Alpha.uasset" 221
"../../../Engine/Plugins/NNE/NNEDenoiser/Content/NNEDTIM_ColorAlbedoNormal_Alpha.uexp" 222
"../../../Engine/Plugins/NNE/NNEDenoiser/Content/NNEDOM_Output_Default.uasset" 223
"../../../Engine/Plugins/NNE/NNEDenoiser/Content/NNEDOM_Output_Default.uexp" 224
"../../../Engine/Plugins/NNE/NNEDenoiser/Content/NNEDOM_Output_Alpha.uasset" 225
"../../../Engine/Plugins/NNE/NNEDenoiser/Content/NNEDOM_Output_Alpha.uexp" 226
"../../../Engine/Plugins/NNE/NNEDenoiser/Content/NNEDIM_HighQuality_Default.uasset" 227
"../../../Engine/Plugins/NNE/NNEDenoiser/Content/NNEDIM_HighQuality_Default.uexp" 228
"../../../Engine/Plugins/NNE/NNEDenoiser/Content/NNEDIM_HighQuality_Alpha.uasset" 229
"../../../Engine/Plugins/NNE/NNEDenoiser/Content/NNEDIM_HighQuality_Alpha.uexp" 230
"../../../Engine/Plugins/NNE/NNEDenoiser/Content/NNEDIM_ColorAlbedoNormal_Default.uasset" 231
"../../../Engine/Plugins/NNE/NNEDenoiser/Content/NNEDIM_ColorAlbedoNormal_Default.uexp" 232
"../../../Engine/Plugins/NNE/NNEDenoiser/Content/NNEDIM_ColorAlbedoNormal_Alpha.uasset" 233
"../../../Engine/Plugins/NNE/NNEDenoiser/Content/NNEDIM_ColorAlbedoNormal_Alpha.uexp" 234
"../../../Engine/Content/EngineMaterials/T_Default_Material_Grid_M.ubulk" 235
"../../../Engine/Content/EngineMaterials/T_Default_Material_Grid_M.uasset" 236
"../../../Engine/Content/EngineMaterials/T_Default_Material_Grid_M.uexp" 237
"../../../Engine/Content/EngineMaterials/T_Default_Material_Grid_N.ubulk" 238
"../../../Engine/Content/EngineMaterials/T_Default_Material_Grid_N.uasset" 239
"../../../Engine/Content/EngineMaterials/T_Default_Material_Grid_N.uexp" 240
"../../../Engine/Content/Functions/Engine_MaterialFunctions01/Opacity/CameraDepthFade.uasset" 241
"../../../Engine/Content/Functions/Engine_MaterialFunctions01/Opacity/CameraDepthFade.uexp" 242
"../../../Engine/Content/EngineMaterials/WorldGridMaterial.uasset" 243
"../../../Engine/Content/EngineMaterials/WorldGridMaterial.uexp" 244
"../../../Engine/Plugins/Media/MediaPlate/Content/SM_MediaPlateScreen.ubulk" 245
"../../../Engine/Plugins/Media/MediaPlate/Content/SM_MediaPlateScreen.uasset" 246
"../../../Engine/Plugins/Media/MediaPlate/Content/SM_MediaPlateScreen.uexp" 247
"../../../Engine/Content/Functions/Engine_MaterialFunctions02/WorldPositionOffset/CameraOffset.uasset" 248
"../../../Engine/Content/Functions/Engine_MaterialFunctions02/WorldPositionOffset/CameraOffset.uexp" 249
"../../../Engine/Plugins/Animation/ControlRig/Content/M_Manip.uasset" 250
"../../../Engine/Plugins/Animation/ControlRig/Content/M_Manip.uexp" 251
"../../../Engine/Plugins/2D/Paper2D/Content/DefaultSpriteMaterial.uasset" 252
"../../../Engine/Plugins/2D/Paper2D/Content/DefaultSpriteMaterial.uexp" 253
"../../../Engine/Plugins/2D/Paper2D/Content/OpaqueUnlitSpriteMaterial.uasset" 254
"../../../Engine/Plugins/2D/Paper2D/Content/OpaqueUnlitSpriteMaterial.uexp" 255
"../../../Engine/Plugins/2D/Paper2D/Content/MaskedUnlitSpriteMaterial.uasset" 256
"../../../Engine/Plugins/2D/Paper2D/Content/MaskedUnlitSpriteMaterial.uexp" 257
"../../../Engine/Content/EditorLandscapeResources/SplineEditorMeshMat.uasset" 258
"../../../Engine/Content/EditorLandscapeResources/SplineEditorMeshMat.uexp" 259
"../../../Engine/Content/EditorLandscapeResources/SplineEditorMesh.ubulk" 260
"../../../Engine/Content/EditorLandscapeResources/SplineEditorMesh.uasset" 261
"../../../Engine/Content/EditorLandscapeResources/SplineEditorMesh.uexp" 262
"../../../Engine/Content/EngineMaterials/DefaultMaterial.uasset" 263
"../../../Engine/Content/EngineMaterials/DefaultMaterial.uexp" 264
"../../../Engine/Content/BasicShapes/Sphere.ubulk" 265
"../../../Engine/Content/BasicShapes/Sphere.uasset" 266
"../../../Engine/Content/BasicShapes/Sphere.uexp" 267
"../../../Engine/Content/BasicShapes/Plane.ubulk" 268
"../../../Engine/Content/BasicShapes/Plane.uasset" 269
"../../../Engine/Content/BasicShapes/Plane.uexp" 270
"../../../Engine/Content/BasicShapes/Cylinder.ubulk" 271
"../../../Engine/Content/BasicShapes/Cylinder.uasset" 272
"../../../Engine/Content/BasicShapes/Cylinder.uexp" 273
"../../../Engine/Content/BasicShapes/Cube.ubulk" 274
"../../../Engine/Content/BasicShapes/Cube.uasset" 275
"../../../Engine/Content/BasicShapes/Cube.uexp" 276
"../../../Engine/Content/BasicShapes/Cone.ubulk" 277
"../../../Engine/Content/BasicShapes/Cone.uasset" 278
"../../../Engine/Content/BasicShapes/Cone.uexp" 279
"../../../Engine/Content/BasicShapes/BasicShapeMaterial.uasset" 280
"../../../Engine/Content/BasicShapes/BasicShapeMaterial.uexp" 281
"../../../Engine/Content/EngineResources/WhiteSquareTexture.uasset" 282
"../../../Engine/Content/EngineResources/WhiteSquareTexture.uexp" 283
"../../../Engine/Content/EngineMaterials/Widget3DPassThrough.uasset" 284
"../../../Engine/Content/EngineMaterials/Widget3DPassThrough.uexp" 285
"../../../Engine/Content/EngineMaterials/Widget3DPassThrough_Translucent.uasset" 286
"../../../Engine/Content/EngineMaterials/Widget3DPassThrough_Translucent.uexp" 287
"../../../Engine/Content/EngineMaterials/Widget3DPassThrough_Translucent_OneSided.uasset" 288
"../../../Engine/Content/EngineMaterials/Widget3DPassThrough_Translucent_OneSided.uexp" 289
"../../../Engine/Content/EngineMaterials/Widget3DPassThrough_Opaque.uasset" 290
"../../../Engine/Content/EngineMaterials/Widget3DPassThrough_Opaque.uexp" 291
"../../../Engine/Content/EngineMaterials/Widget3DPassThrough_Opaque_OneSided.uasset" 292
"../../../Engine/Content/EngineMaterials/Widget3DPassThrough_Opaque_OneSided.uexp" 293
"../../../Engine/Content/EngineMaterials/Widget3DPassThrough_Masked_OneSided.uasset" 294
"../../../Engine/Content/EngineMaterials/Widget3DPassThrough_Masked_OneSided.uexp" 295
"../../../Engine/Content/EngineMaterials/Widget3DPassThrough_Masked.uasset" 296
"../../../Engine/Content/EngineMaterials/Widget3DPassThrough_Masked.uexp" 297
"../../../Engine/Content/EngineMaterials/WeightMapPlaceholderTexture.uasset" 298
"../../../Engine/Content/EngineMaterials/WeightMapPlaceholderTexture.uexp" 299
"../../../Engine/Content/EngineMaterials/WeightMapArrayPlaceholderTexture.uasset" 300
"../../../Engine/Content/EngineMaterials/WeightMapArrayPlaceholderTexture.uexp" 301
"../../../Engine/Content/EngineMaterials/RemoveSurfaceMaterial.uasset" 302
"../../../Engine/Content/EngineMaterials/RemoveSurfaceMaterial.uexp" 303
"../../../Engine/Content/EngineMaterials/DefaultCalibrationGrayscale.uasset" 304
"../../../Engine/Content/EngineMaterials/DefaultCalibrationGrayscale.uexp" 305
"../../../Engine/Content/EngineMaterials/PPM_DefaultCalibrationGrayscale.uasset" 306
"../../../Engine/Content/EngineMaterials/PPM_DefaultCalibrationGrayscale.uexp" 307
"../../../Engine/Content/EngineMaterials/DefaultCalibrationColor.uasset" 308
"../../../Engine/Content/EngineMaterials/DefaultCalibrationColor.uexp" 309
"../../../Engine/Content/EngineMaterials/PPM_DefaultCalibrationColor.uasset" 310
"../../../Engine/Content/EngineMaterials/PPM_DefaultCalibrationColor.uexp" 311
"../../../Engine/Content/EngineMaterials/PhAT_JointLimitMaterial.uasset" 312
"../../../Engine/Content/EngineMaterials/PhAT_JointLimitMaterial.uexp" 313
"../../../Engine/Content/EngineMaterials/NaniteHiddenSectionMaterial.uasset" 314
"../../../Engine/Content/EngineMaterials/NaniteHiddenSectionMaterial.uexp" 315
"../../../Engine/Content/EngineMaterials/InvalidLightmapSettings.ubulk" 316
"../../../Engine/Content/EngineMaterials/InvalidLightmapSettings.uasset" 317
"../../../Engine/Content/EngineMaterials/InvalidLightmapSettings.uexp" 318
"../../../Engine/Content/EngineMaterials/M_InvalidLightmapSettings.uasset" 319
"../../../Engine/Content/EngineMaterials/M_InvalidLightmapSettings.uexp" 320
"../../../Engine/Content/EngineMaterials/GizmoMaterial.uasset" 321
"../../../Engine/Content/EngineMaterials/GizmoMaterial.uexp" 322
"../../../Engine/Content/EngineMaterials/BaseFlattenEmissiveMap_VT.uasset" 323
"../../../Engine/Content/EngineMaterials/BaseFlattenEmissiveMap_VT.uexp" 324
"../../../Engine/Content/EngineMaterials/BaseFlattenGrayscaleMap_VT.uasset" 325
"../../../Engine/Content/EngineMaterials/BaseFlattenGrayscaleMap_VT.uexp" 326
"../../../Engine/Content/EngineMaterials/BaseFlattenLinearColor_VT.uasset" 327
"../../../Engine/Content/EngineMaterials/BaseFlattenLinearColor_VT.uexp" 328
"../../../Engine/Content/EngineMaterials/Black_1x1_EXR_Texture_VT.uasset" 329
"../../../Engine/Content/EngineMaterials/Black_1x1_EXR_Texture_VT.uexp" 330
"../../../Engine/Content/EngineMaterials/BaseFlattenDiffuseMap_VT.uasset" 331
"../../../Engine/Content/EngineMaterials/BaseFlattenDiffuseMap_VT.uexp" 332
"../../../Engine/Content/EngineMaterials/BaseFlattenNormalMap_VT.uasset" 333
"../../../Engine/Content/EngineMaterials/BaseFlattenNormalMap_VT.uexp" 334
"../../../Engine/Content/EngineMaterials/FlattenMaterial_WS_Normal_VT.uasset" 335
"../../../Engine/Content/EngineMaterials/FlattenMaterial_WS_Normal_VT.uexp" 336
"../../../Engine/Content/EngineMaterials/FlattenMaterial_VT.uasset" 337
"../../../Engine/Content/EngineMaterials/FlattenMaterial_VT.uexp" 338
"../../../Engine/Content/EngineMaterials/BaseFlattenNormalMap.uasset" 339
"../../../Engine/Content/EngineMaterials/BaseFlattenNormalMap.uexp" 340
"../../../Engine/Content/EngineMaterials/BaseFlattenGrayscaleMap.uasset" 341
"../../../Engine/Content/EngineMaterials/BaseFlattenGrayscaleMap.uexp" 342
"../../../Engine/Content/EngineMaterials/BaseFlattenDiffuseMap.uasset" 343
"../../../Engine/Content/EngineMaterials/BaseFlattenDiffuseMap.uexp" 344
"../../../Engine/Content/Functions/Engine_MaterialFunctions02/PivotPainter2/Black_1x1_EXR_Texture.uasset" 345
"../../../Engine/Content/Functions/Engine_MaterialFunctions02/PivotPainter2/Black_1x1_EXR_Texture.uexp" 346
"../../../Engine/Content/EngineMaterials/BaseFlattenEmissiveMap.uasset" 347
"../../../Engine/Content/EngineMaterials/BaseFlattenEmissiveMap.uexp" 348
"../../../Engine/Content/EngineMaterials/BaseFlattenLinearColor.uasset" 349
"../../../Engine/Content/EngineMaterials/BaseFlattenLinearColor.uexp" 350
"../../../Engine/Content/EngineMaterials/FlattenMaterial.uasset" 351
"../../../Engine/Content/EngineMaterials/FlattenMaterial.uexp" 352
"../../../Engine/Content/EngineMaterials/DefaultWhiteGrid_Low.uasset" 353
"../../../Engine/Content/EngineMaterials/DefaultWhiteGrid_Low.uexp" 354
"../../../Engine/Content/EngineMaterials/EmissiveMeshMaterial.uasset" 355
"../../../Engine/Content/EngineMaterials/EmissiveMeshMaterial.uexp" 356
"../../../Engine/Content/EngineFonts/RobotoDistanceField.uasset" 357
"../../../Engine/Content/EngineFonts/RobotoDistanceField.uexp" 358
"../../../Engine/Content/EngineMaterials/DefaultTextMaterialOpaque.uasset" 359
"../../../Engine/Content/EngineMaterials/DefaultTextMaterialOpaque.uexp" 360
"../../../Engine/Content/EngineMaterials/DefaultDiffuse.ubulk" 361
"../../../Engine/Content/EngineMaterials/DefaultDiffuse.uasset" 362
"../../../Engine/Content/EngineMaterials/DefaultDiffuse.uexp" 363
"../../../Engine/Content/Functions/Engine_MaterialFunctions02/Utility/BreakOutFloat2Components.uasset" 364
"../../../Engine/Content/Functions/Engine_MaterialFunctions02/Utility/BreakOutFloat2Components.uexp" 365
"../../../Engine/Content/EngineMaterials/DefaultPostProcessMaterial.uasset" 366
"../../../Engine/Content/EngineMaterials/DefaultPostProcessMaterial.uexp" 367
"../../../Engine/Content/EngineMaterials/DefaultLightFunctionMaterial.uasset" 368
"../../../Engine/Content/EngineMaterials/DefaultLightFunctionMaterial.uexp" 369
"../../../Engine/Content/EngineMaterials/DefaultDeferredDecalMaterial.uasset" 370
"../../../Engine/Content/EngineMaterials/DefaultDeferredDecalMaterial.uexp" 371
"../../../Engine/Content/Functions/Engine_MaterialFunctions02/Utility/CameraDirectionVector.uasset" 372
"../../../Engine/Content/Functions/Engine_MaterialFunctions02/Utility/CameraDirectionVector.uexp" 373
"../../../Engine/Content/EngineDebugMaterials/VolumeToRender.uasset" 374
"../../../Engine/Content/EngineDebugMaterials/VolumeToRender.uexp" 375
"../../../Engine/Content/EngineDebugMaterials/M_VolumeRenderSphereTracePP.uasset" 376
"../../../Engine/Content/EngineDebugMaterials/M_VolumeRenderSphereTracePP.uexp" 377
"../../../Engine/Content/EngineDebugMaterials/M_SimpleUnlitTranslucent.uasset" 378
"../../../Engine/Content/EngineDebugMaterials/M_SimpleUnlitTranslucent.uexp" 379
"../../../Engine/Content/EngineDebugMaterials/DebugMeshMaterial.uasset" 380
"../../../Engine/Content/EngineDebugMaterials/DebugMeshMaterial.uexp" 381
"../../../Engine/Content/EngineDebugMaterials/DebugEditorMaterial.uasset" 382
"../../../Engine/Content/EngineDebugMaterials/DebugEditorMaterial.uexp" 383
"../../../Engine/Content/EditorMaterials/PreviewShadowIndicator.ubulk" 384
"../../../Engine/Content/EditorMaterials/PreviewShadowIndicator.uasset" 385
"../../../Engine/Content/EditorMaterials/PreviewShadowIndicator.uexp" 386
"../../../Engine/Content/EditorMaterials/PreviewShadowIndicatorMaterial.uasset" 387
"../../../Engine/Content/EditorMaterials/PreviewShadowIndicatorMaterial.uexp" 388
"../../../Engine/Content/EditorMaterials/PhAT_UnselectedMaterial.uasset" 389
"../../../Engine/Content/EditorMaterials/PhAT_UnselectedMaterial.uexp" 390
"../../../Engine/Content/EditorMaterials/PhAT_NoCollisionMaterial.uasset" 391
"../../../Engine/Content/EditorMaterials/PhAT_NoCollisionMaterial.uexp" 392
"../../../Engine/Plugins/Runtime/MeshModelingToolset/Content/Materials/M_DynamicMeshComponentVtxColor.uasset" 393
"../../../Engine/Plugins/Runtime/MeshModelingToolset/Content/Materials/M_DynamicMeshComponentVtxColor.uexp" 394
"../../../Engine/Plugins/Runtime/HairStrands/Content/Materials/HairMeshesDefaultMaterial.uasset" 395
"../../../Engine/Plugins/Runtime/HairStrands/Content/Materials/HairMeshesDefaultMaterial.uexp" 396
"../../../Engine/Plugins/Runtime/HairStrands/Content/Materials/HairDefaultMaterial.uasset" 397
"../../../Engine/Plugins/Runtime/HairStrands/Content/Materials/HairDefaultMaterial.uexp" 398
"../../../Engine/Plugins/Runtime/HairStrands/Content/Materials/HairGroupColors.uasset" 399
"../../../Engine/Plugins/Runtime/HairStrands/Content/Materials/HairGroupColors.uexp" 400
"../../../Engine/Content/Functions/Engine_MaterialFunctions02/Utility/MakeFloat2.uasset" 401
"../../../Engine/Content/Functions/Engine_MaterialFunctions02/Utility/MakeFloat2.uexp" 402
"../../../Engine/Content/Functions/Engine_MaterialFunctions02/Utility/MakeFloat3.uasset" 403
"../../../Engine/Content/Functions/Engine_MaterialFunctions02/Utility/MakeFloat3.uexp" 404
"../../../Engine/Content/EngineMaterials/HairColorMap.uasset" 405
"../../../Engine/Content/EngineMaterials/HairColorMap.uexp" 406
"../../../Engine/Content/EngineMaterials/HairDebugColor.uasset" 407
"../../../Engine/Content/EngineMaterials/HairDebugColor.uexp" 408
"../../../Engine/Plugins/Runtime/HairStrands/Content/Materials/HairDebugMaterial.uasset" 409
"../../../Engine/Plugins/Runtime/HairStrands/Content/Materials/HairDebugMaterial.uexp" 410
"../../../Engine/Plugins/Runtime/HairStrands/Content/Materials/HairCardsDefaultMaterial.uasset" 411
"../../../Engine/Plugins/Runtime/HairStrands/Content/Materials/HairCardsDefaultMaterial.uexp" 412
"../../../Engine/Content/Functions/Engine_MaterialFunctions02/Texturing/CustomRotator.uasset" 413
"../../../Engine/Content/Functions/Engine_MaterialFunctions02/Texturing/CustomRotator.uexp" 414
"../../../Engine/Content/Functions/Engine_MaterialFunctions01/Texturing/ScaleUVsByCenter.uasset" 415
"../../../Engine/Content/Functions/Engine_MaterialFunctions01/Texturing/ScaleUVsByCenter.uexp" 416
"../../../Engine/Plugins/Runtime/AudioWidgets/Content/AudioMaterialSlate/Functions/MF_SingleLine_Smooth.uasset" 417
"../../../Engine/Plugins/Runtime/AudioWidgets/Content/AudioMaterialSlate/Functions/MF_SingleLine_Smooth.uexp" 418
"../../../Engine/Plugins/Runtime/AudioWidgets/Content/AudioMaterialSlate/Functions/MF_AngleGradient.uasset" 419
"../../../Engine/Plugins/Runtime/AudioWidgets/Content/AudioMaterialSlate/Functions/MF_AngleGradient.uexp" 420
"../../../Engine/Plugins/Runtime/AudioWidgets/Content/AudioMaterialSlate/Functions/MF_SingleLine.uasset" 421
"../../../Engine/Plugins/Runtime/AudioWidgets/Content/AudioMaterialSlate/Functions/MF_SingleLine.uexp" 422
"../../../Engine/Content/Functions/Engine_MaterialFunctions01/Gradient/SphereGradient-2D.uasset" 423
"../../../Engine/Content/Functions/Engine_MaterialFunctions01/Gradient/SphereGradient-2D.uexp" 424
"../../../Engine/Plugins/Runtime/AudioWidgets/Content/AudioMaterialSlate/M_AudioMaterialToggleButton.uasset" 425
"../../../Engine/Plugins/Runtime/AudioWidgets/Content/AudioMaterialSlate/M_AudioMaterialToggleButton.uexp" 426
"../../../Engine/Plugins/Runtime/AudioWidgets/Content/AudioMaterialSlate/MI_AudioMaterialToggleButton.uasset" 427
"../../../Engine/Plugins/Runtime/AudioWidgets/Content/AudioMaterialSlate/MI_AudioMaterialToggleButton.uexp" 428
"../../../Engine/Content/Functions/Engine_MaterialFunctions02/Utility/VectorLength.uasset" 429
"../../../Engine/Content/Functions/Engine_MaterialFunctions02/Utility/VectorLength.uexp" 430
"../../../Engine/Content/Functions/Engine_MaterialFunctions01/Gradient/GeneratedRoundRect.uasset" 431
"../../../Engine/Content/Functions/Engine_MaterialFunctions01/Gradient/GeneratedRoundRect.uexp" 432
"../../../Engine/Plugins/Runtime/AudioWidgets/Content/AudioMaterialSlate/M_AudioMaterialRoundedSlider.uasset" 433
"../../../Engine/Plugins/Runtime/AudioWidgets/Content/AudioMaterialSlate/M_AudioMaterialRoundedSlider.uexp" 434
"../../../Engine/Plugins/Runtime/AudioWidgets/Content/AudioMaterialSlate/MI_AudioMaterialRoundedSlider.uasset" 435
"../../../Engine/Plugins/Runtime/AudioWidgets/Content/AudioMaterialSlate/MI_AudioMaterialRoundedSlider.uexp" 436
"../../../Engine/Plugins/Runtime/AudioWidgets/Content/AudioMaterialSlate/Functions/MF_Lines.uasset" 437
"../../../Engine/Plugins/Runtime/AudioWidgets/Content/AudioMaterialSlate/Functions/MF_Lines.uexp" 438
"../../../Engine/Content/Functions/Engine_MaterialFunctions02/Lerp_3Color.uasset" 439
"../../../Engine/Content/Functions/Engine_MaterialFunctions02/Lerp_3Color.uexp" 440
"../../../Engine/Plugins/Runtime/AudioWidgets/Content/AudioMaterialSlate/M_AudioMaterialMeter.uasset" 441
"../../../Engine/Plugins/Runtime/AudioWidgets/Content/AudioMaterialSlate/M_AudioMaterialMeter.uexp" 442
"../../../Engine/Plugins/Runtime/AudioWidgets/Content/AudioMaterialSlate/MI_AudioMaterialMeter.uasset" 443
"../../../Engine/Plugins/Runtime/AudioWidgets/Content/AudioMaterialSlate/MI_AudioMaterialMeter.uexp" 444
"../../../Engine/Plugins/Runtime/AudioWidgets/Content/AudioMaterialSlate/M_AudioMaterialKnob.uasset" 445
"../../../Engine/Plugins/Runtime/AudioWidgets/Content/AudioMaterialSlate/M_AudioMaterialKnob.uexp" 446
"../../../Engine/Plugins/Runtime/AudioWidgets/Content/AudioMaterialSlate/MI_AudioMaterialKnob.uasset" 447
"../../../Engine/Plugins/Runtime/AudioWidgets/Content/AudioMaterialSlate/MI_AudioMaterialKnob.uexp" 448
"../../../Engine/Plugins/Runtime/AudioWidgets/Content/AudioMaterialSlate/Functions/MF_DotOutlined.uasset" 449
"../../../Engine/Plugins/Runtime/AudioWidgets/Content/AudioMaterialSlate/Functions/MF_DotOutlined.uexp" 450
"../../../Engine/Plugins/Runtime/AudioWidgets/Content/AudioMaterialSlate/M_AudioMaterialEnvelope_ADSR.uasset" 451
"../../../Engine/Plugins/Runtime/AudioWidgets/Content/AudioMaterialSlate/M_AudioMaterialEnvelope_ADSR.uexp" 452
"../../../Engine/Plugins/Runtime/AudioWidgets/Content/AudioMaterialSlate/MI_AudioMaterialEnvelope_ADSR.uasset" 453
"../../../Engine/Plugins/Runtime/AudioWidgets/Content/AudioMaterialSlate/MI_AudioMaterialEnvelope_ADSR.uexp" 454
"../../../Engine/Plugins/Interchange/Assets/Content/Functions/MX_UsdPreviewSurface.uasset" 455
"../../../Engine/Plugins/Interchange/Assets/Content/Functions/MX_UsdPreviewSurface.uexp" 456
"../../../Engine/Plugins/Interchange/Assets/Content/Functions/MX_UniformEDF.uasset" 457
"../../../Engine/Plugins/Interchange/Assets/Content/Functions/MX_UniformEDF.uexp" 458
"../../../Engine/Plugins/Interchange/Assets/Content/Functions/MX_TranslucentBSDF.uasset" 459
"../../../Engine/Plugins/Interchange/Assets/Content/Functions/MX_TranslucentBSDF.uexp" 460
"../../../Engine/Plugins/Interchange/Assets/Content/Functions/MX_ThinFilmBSDF.uasset" 461
"../../../Engine/Plugins/Interchange/Assets/Content/Functions/MX_ThinFilmBSDF.uexp" 462
"../../../Engine/Plugins/Interchange/Assets/Content/Functions/MX_SurfaceUnlit.uasset" 463
"../../../Engine/Plugins/Interchange/Assets/Content/Functions/MX_SurfaceUnlit.uexp" 464
"../../../Engine/Plugins/Interchange/Assets/Content/Functions/MX_Surface.uasset" 465
"../../../Engine/Plugins/Interchange/Assets/Content/Functions/MX_Surface.uexp" 466
"../../../Engine/Plugins/Interchange/Assets/Content/Functions/MX_SubsurfaceBSDF.uasset" 467
"../../../Engine/Plugins/Interchange/Assets/Content/Functions/MX_SubsurfaceBSDF.uexp" 468
"../../../Engine/Plugins/Interchange/Assets/Content/Functions/MX_SheenBSDF.uasset" 469
"../../../Engine/Plugins/Interchange/Assets/Content/Functions/MX_SheenBSDF.uexp" 470
"../../../Engine/Plugins/Interchange/Assets/Content/Functions/MX_OrenNayarBSDF.uasset" 471
"../../../Engine/Plugins/Interchange/Assets/Content/Functions/MX_OrenNayarBSDF.uexp" 472
"../../../Engine/Plugins/Interchange/Assets/Content/Utilities/New_LUT.uasset" 473
"../../../Engine/Plugins/Interchange/Assets/Content/Utilities/New_LUT.uexp" 474
"../../../Engine/Content/Functions/Engine_MaterialFunctions03/Math/RemapValueRange.uasset" 475
"../../../Engine/Content/Functions/Engine_MaterialFunctions03/Math/RemapValueRange.uexp" 476
"../../../Engine/Plugins/Interchange/Assets/Content/Functions/MF_Iridescence.uasset" 477
"../../../Engine/Plugins/Interchange/Assets/Content/Functions/MF_Iridescence.uexp" 478
"../../../Engine/Plugins/Interchange/Assets/Content/Functions/MX_StandardSurface.uasset" 479
"../../../Engine/Plugins/Interchange/Assets/Content/Functions/MX_StandardSurface.uexp" 480
"../../../Engine/Plugins/Interchange/Assets/Content/Functions/MX_TransmissionSurface.uasset" 481
"../../../Engine/Plugins/Interchange/Assets/Content/Functions/MX_TransmissionSurface.uexp" 482
"../../../Engine/Plugins/Interchange/Assets/Content/Functions/MX_OpenPBR_Translucent.uasset" 483
"../../../Engine/Plugins/Interchange/Assets/Content/Functions/MX_OpenPBR_Translucent.uexp" 484
"../../../Engine/Plugins/Interchange/Assets/Content/Functions/MX_OpenPBR_Opaque.uasset" 485
"../../../Engine/Plugins/Interchange/Assets/Content/Functions/MX_OpenPBR_Opaque.uexp" 486
"../../../Engine/Plugins/Interchange/Assets/Content/Functions/MX_MeasuredEDF.uasset" 487
"../../../Engine/Plugins/Interchange/Assets/Content/Functions/MX_MeasuredEDF.uexp" 488
"../../../Engine/Plugins/Interchange/Assets/Content/Functions/MX_GeneralizedSchlickBSDF.uasset" 489
"../../../Engine/Plugins/Interchange/Assets/Content/Functions/MX_GeneralizedSchlickBSDF.uexp" 490
"../../../Engine/Plugins/Interchange/Assets/Content/Functions/MX_DielectricBSDF.uasset" 491
"../../../Engine/Plugins/Interchange/Assets/Content/Functions/MX_DielectricBSDF.uexp" 492
"../../../Engine/Plugins/Interchange/Assets/Content/Functions/MX_ConicalEDF.uasset" 493
"../../../Engine/Plugins/Interchange/Assets/Content/Functions/MX_ConicalEDF.uexp" 494
"../../../Engine/Plugins/Interchange/Assets/Content/Functions/MX_ConductorBSDF.uasset" 495
"../../../Engine/Plugins/Interchange/Assets/Content/Functions/MX_ConductorBSDF.uexp" 496
"../../../Engine/Plugins/Interchange/Assets/Content/Functions/MX_BurleyDiffuseBSDF.uasset" 497
"../../../Engine/Plugins/Interchange/Assets/Content/Functions/MX_BurleyDiffuseBSDF.uexp" 498
"../../../Engine/Plugins/Interchange/Assets/Content/Functions/MX_AnisotropicVDF.uasset" 499
"../../../Engine/Plugins/Interchange/Assets/Content/Functions/MX_AnisotropicVDF.uexp" 500
"../../../Engine/Plugins/Interchange/Assets/Content/Functions/MX_AbsorptionVDF.uasset" 501
"../../../Engine/Plugins/Interchange/Assets/Content/Functions/MX_AbsorptionVDF.uexp" 502
"../../../Engine/Plugins/Editor/SpeedTreeImporter/Content/SpeedTree9/game_wind_noise.ubulk" 503
"../../../Engine/Plugins/Editor/SpeedTreeImporter/Content/SpeedTree9/game_wind_noise.uasset" 504
"../../../Engine/Plugins/Editor/SpeedTreeImporter/Content/SpeedTree9/game_wind_noise.uexp" 505
"../../../Engine/Plugins/Editor/SpeedTreeImporter/Content/SpeedTree9/UnpackDirection.uasset" 506
"../../../Engine/Plugins/Editor/SpeedTreeImporter/Content/SpeedTree9/UnpackDirection.uexp" 507
"../../../Engine/Content/Functions/Engine_MaterialFunctions02/ObjectLocalBounds.uasset" 508
"../../../Engine/Content/Functions/Engine_MaterialFunctions02/ObjectLocalBounds.uexp" 509
"../../../Engine/Content/Functions/Engine_MaterialFunctions02/Utility/BreakOutFloat3Components.uasset" 510
"../../../Engine/Content/Functions/Engine_MaterialFunctions02/Utility/BreakOutFloat3Components.uexp" 511
"../../../Engine/Content/Functions/Engine_MaterialFunctions02/UVs/BoundingBoxBased_0-1_UVW.uasset" 512
"../../../Engine/Content/Functions/Engine_MaterialFunctions02/UVs/BoundingBoxBased_0-1_UVW.uexp" 513
"../../../Engine/Plugins/Editor/SpeedTreeImporter/Content/SpeedTree9/UnpackInteger3.uasset" 514
"../../../Engine/Plugins/Editor/SpeedTreeImporter/Content/SpeedTree9/UnpackInteger3.uexp" 515
"../../../Engine/Plugins/Editor/SpeedTreeImporter/Content/SpeedTree9/SpeedTreeCameraFacing.uasset" 516
"../../../Engine/Plugins/Editor/SpeedTreeImporter/Content/SpeedTree9/SpeedTreeCameraFacing.uexp" 517
"../../../Engine/Content/Functions/Engine_MaterialFunctions02/WorldPositionOffset/ObjectScale.uasset" 518
"../../../Engine/Content/Functions/Engine_MaterialFunctions02/WorldPositionOffset/ObjectScale.uexp" 519
"../../../Engine/Content/Functions/Engine_MaterialFunctions02/SafeNormalize.uasset" 520
"../../../Engine/Content/Functions/Engine_MaterialFunctions02/SafeNormalize.uexp" 521
"../../../Engine/Plugins/Editor/SpeedTreeImporter/Content/SpeedTree9/SpeedTreeWindMotion.uasset" 522
"../../../Engine/Plugins/Editor/SpeedTreeImporter/Content/SpeedTree9/SpeedTreeWindMotion.uexp" 523
"../../../Engine/Plugins/Editor/SpeedTreeImporter/Content/SpeedTree9/SpeedTreeBranchMotion.uasset" 524
"../../../Engine/Plugins/Editor/SpeedTreeImporter/Content/SpeedTree9/SpeedTreeBranchMotion.uexp" 525
"../../../Engine/Plugins/Editor/SpeedTreeImporter/Content/SpeedTree9/SpeedTreeWind.uasset" 526
"../../../Engine/Plugins/Editor/SpeedTreeImporter/Content/SpeedTree9/SpeedTreeWind.uexp" 527
"../../../Engine/Plugins/Editor/SpeedTreeImporter/Content/SpeedTree9/EmptyNormal.uasset" 528
"../../../Engine/Plugins/Editor/SpeedTreeImporter/Content/SpeedTree9/EmptyNormal.uexp" 529
"../../../Engine/Plugins/Editor/SpeedTreeImporter/Content/SpeedTree9/Empty.uasset" 530
"../../../Engine/Plugins/Editor/SpeedTreeImporter/Content/SpeedTree9/Empty.uexp" 531
"../../../Engine/Plugins/Editor/SpeedTreeImporter/Content/SpeedTree9/SpeedTreeMaster.uasset" 532
"../../../Engine/Plugins/Editor/SpeedTreeImporter/Content/SpeedTree9/SpeedTreeMaster.uexp" 533
"../../../Engine/Plugins/Editor/SpeedTreeImporter/Content/SpeedTree9/SpeedTreeBillboard.uasset" 534
"../../../Engine/Plugins/Editor/SpeedTreeImporter/Content/SpeedTree9/SpeedTreeBillboard.uexp" 535
"../../../Engine/Plugins/Editor/SpeedTreeImporter/Content/SpeedTree9/SpeedTreeBillboardMaster.uasset" 536
"../../../Engine/Plugins/Editor/SpeedTreeImporter/Content/SpeedTree9/SpeedTreeBillboardMaster.uexp" 537
"../../../Engine/Plugins/Animation/ControlRig/Content/Controls/ControlRig_Wedge_solid.ubulk" 538
"../../../Engine/Plugins/Animation/ControlRig/Content/Controls/ControlRig_Wedge_solid.uasset" 539
"../../../Engine/Plugins/Animation/ControlRig/Content/Controls/ControlRig_Wedge_solid.uexp" 540
"../../../Engine/Plugins/Animation/ControlRig/Content/Controls/ControlRig_Wedge_3mm.ubulk" 541
"../../../Engine/Plugins/Animation/ControlRig/Content/Controls/ControlRig_Wedge_3mm.uasset" 542
"../../../Engine/Plugins/Animation/ControlRig/Content/Controls/ControlRig_Wedge_3mm.uexp" 543
"../../../Engine/Plugins/Animation/ControlRig/Content/Controls/ControlRig_Wedge_1mm.ubulk" 544
"../../../Engine/Plugins/Animation/ControlRig/Content/Controls/ControlRig_Wedge_1mm.uasset" 545
"../../../Engine/Plugins/Animation/ControlRig/Content/Controls/ControlRig_Wedge_1mm.uexp" 546
"../../../Engine/Plugins/Animation/ControlRig/Content/Controls/ControlRig_Triangle_solid.ubulk" 547
"../../../Engine/Plugins/Animation/ControlRig/Content/Controls/ControlRig_Triangle_solid.uasset" 548
"../../../Engine/Plugins/Animation/ControlRig/Content/Controls/ControlRig_Triangle_solid.uexp" 549
"../../../Engine/Plugins/Animation/ControlRig/Content/Controls/ControlRig_Triangle_3mm.ubulk" 550
"../../../Engine/Plugins/Animation/ControlRig/Content/Controls/ControlRig_Triangle_3mm.uasset" 551
"../../../Engine/Plugins/Animation/ControlRig/Content/Controls/ControlRig_Triangle_3mm.uexp" 552
"../../../Engine/Plugins/Animation/ControlRig/Content/Controls/ControlRig_Triangle_1mm.ubulk" 553
"../../../Engine/Plugins/Animation/ControlRig/Content/Controls/ControlRig_Triangle_1mm.uasset" 554
"../../../Engine/Plugins/Animation/ControlRig/Content/Controls/ControlRig_Triangle_1mm.uexp" 555
"../../../Engine/Plugins/Animation/ControlRig/Content/Controls/ControlRig_Star4_solid.ubulk" 556
"../../../Engine/Plugins/Animation/ControlRig/Content/Controls/ControlRig_Star4_solid.uasset" 557
"../../../Engine/Plugins/Animation/ControlRig/Content/Controls/ControlRig_Star4_solid.uexp" 558
"../../../Engine/Plugins/Animation/ControlRig/Content/Controls/ControlRig_Star4_3mm.ubulk" 559
"../../../Engine/Plugins/Animation/ControlRig/Content/Controls/ControlRig_Star4_3mm.uasset" 560
"../../../Engine/Plugins/Animation/ControlRig/Content/Controls/ControlRig_Star4_3mm.uexp" 561
"../../../Engine/Plugins/Animation/ControlRig/Content/Controls/ControlRig_Star4_1mm.ubulk" 562
"../../../Engine/Plugins/Animation/ControlRig/Content/Controls/ControlRig_Star4_1mm.uasset" 563
"../../../Engine/Plugins/Animation/ControlRig/Content/Controls/ControlRig_Star4_1mm.uexp" 564
"../../../Engine/Plugins/Animation/ControlRig/Content/Controls/ControlRig_Square_solid.ubulk" 565
"../../../Engine/Plugins/Animation/ControlRig/Content/Controls/ControlRig_Square_solid.uasset" 566
"../../../Engine/Plugins/Animation/ControlRig/Content/Controls/ControlRig_Square_solid.uexp" 567
"../../../Engine/Plugins/Animation/ControlRig/Content/Controls/ControlRig_Square_3mm.ubulk" 568
"../../../Engine/Plugins/Animation/ControlRig/Content/Controls/ControlRig_Square_3mm.uasset" 569
"../../../Engine/Plugins/Animation/ControlRig/Content/Controls/ControlRig_Square_3mm.uexp" 570
"../../../Engine/Plugins/Animation/ControlRig/Content/Controls/ControlRig_Square_1mm.ubulk" 571
"../../../Engine/Plugins/Animation/ControlRig/Content/Controls/ControlRig_Square_1mm.uasset" 572
"../../../Engine/Plugins/Animation/ControlRig/Content/Controls/ControlRig_Square_1mm.uexp" 573
"../../../Engine/Plugins/Animation/ControlRig/Content/Controls/ControlRig_Sphere_solid.ubulk" 574
"../../../Engine/Plugins/Animation/ControlRig/Content/Controls/ControlRig_Sphere_solid.uasset" 575
"../../../Engine/Plugins/Animation/ControlRig/Content/Controls/ControlRig_Sphere_solid.uexp" 576
"../../../Engine/Plugins/Animation/ControlRig/Content/Controls/ControlRig_Sphere_3mm.ubulk" 577
"../../../Engine/Plugins/Animation/ControlRig/Content/Controls/ControlRig_Sphere_3mm.uasset" 578
"../../../Engine/Plugins/Animation/ControlRig/Content/Controls/ControlRig_Sphere_3mm.uexp" 579
"../../../Engine/Plugins/Animation/ControlRig/Content/Controls/ControlRig_Sphere_1mm.ubulk" 580
"../../../Engine/Plugins/Animation/ControlRig/Content/Controls/ControlRig_Sphere_1mm.uasset" 581
"../../../Engine/Plugins/Animation/ControlRig/Content/Controls/ControlRig_Sphere_1mm.uexp" 582
"../../../Engine/Plugins/Animation/ControlRig/Content/Controls/ControlRig_RoundedTriangle_solid.ubulk" 583
"../../../Engine/Plugins/Animation/ControlRig/Content/Controls/ControlRig_RoundedTriangle_solid.uasset" 584
"../../../Engine/Plugins/Animation/ControlRig/Content/Controls/ControlRig_RoundedTriangle_solid.uexp" 585
"../../../Engine/Plugins/Animation/ControlRig/Content/Controls/ControlRig_RoundedTriangle_3mm.ubulk" 586
"../../../Engine/Plugins/Animation/ControlRig/Content/Controls/ControlRig_RoundedTriangle_3mm.uasset" 587
"../../../Engine/Plugins/Animation/ControlRig/Content/Controls/ControlRig_RoundedTriangle_3mm.uexp" 588
"../../../Engine/Plugins/Animation/ControlRig/Content/Controls/ControlRig_RoundedTriangle_1mm.ubulk" 589
"../../../Engine/Plugins/Animation/ControlRig/Content/Controls/ControlRig_RoundedTriangle_1mm.uasset" 590
"../../../Engine/Plugins/Animation/ControlRig/Content/Controls/ControlRig_RoundedTriangle_1mm.uexp" 591
"../../../Engine/Plugins/Animation/ControlRig/Content/Controls/ControlRig_RoundedSquare_solid.ubulk" 592
"../../../Engine/Plugins/Animation/ControlRig/Content/Controls/ControlRig_RoundedSquare_solid.uasset" 593
"../../../Engine/Plugins/Animation/ControlRig/Content/Controls/ControlRig_RoundedSquare_solid.uexp" 594
"../../../Engine/Plugins/Animation/ControlRig/Content/Controls/ControlRig_RoundedSquare_3mm.ubulk" 595
"../../../Engine/Plugins/Animation/ControlRig/Content/Controls/ControlRig_RoundedSquare_3mm.uasset" 596
"../../../Engine/Plugins/Animation/ControlRig/Content/Controls/ControlRig_RoundedSquare_3mm.uexp" 597
"../../../Engine/Plugins/Animation/ControlRig/Content/Controls/ControlRig_RoundedSquare_1mm.ubulk" 598
"../../../Engine/Plugins/Animation/ControlRig/Content/Controls/ControlRig_RoundedSquare_1mm.uasset" 599
"../../../Engine/Plugins/Animation/ControlRig/Content/Controls/ControlRig_RoundedSquare_1mm.uexp" 600
"../../../Engine/Plugins/Animation/ControlRig/Content/Controls/ControlRig_QuarterCircle_solid.ubulk" 601
"../../../Engine/Plugins/Animation/ControlRig/Content/Controls/ControlRig_QuarterCircle_solid.uasset" 602
"../../../Engine/Plugins/Animation/ControlRig/Content/Controls/ControlRig_QuarterCircle_solid.uexp" 603
"../../../Engine/Plugins/Animation/ControlRig/Content/Controls/ControlRig_QuarterCircle_3mm.ubulk" 604
"../../../Engine/Plugins/Animation/ControlRig/Content/Controls/ControlRig_QuarterCircle_3mm.uasset" 605
"../../../Engine/Plugins/Animation/ControlRig/Content/Controls/ControlRig_QuarterCircle_3mm.uexp" 606
"../../../Engine/Plugins/Animation/ControlRig/Content/Controls/ControlRig_QuarterCircle_1mm.ubulk" 607
"../../../Engine/Plugins/Animation/ControlRig/Content/Controls/ControlRig_QuarterCircle_1mm.uasset" 608
"../../../Engine/Plugins/Animation/ControlRig/Content/Controls/ControlRig_QuarterCircle_1mm.uexp" 609
"../../../Engine/Plugins/Animation/ControlRig/Content/Controls/ControlRig_Pyramid_solid.ubulk" 610
"../../../Engine/Plugins/Animation/ControlRig/Content/Controls/ControlRig_Pyramid_solid.uasset" 611
"../../../Engine/Plugins/Animation/ControlRig/Content/Controls/ControlRig_Pyramid_solid.uexp" 612
"../../../Engine/Plugins/Animation/ControlRig/Content/Controls/ControlRig_Pyramid_3mm.ubulk" 613
"../../../Engine/Plugins/Animation/ControlRig/Content/Controls/ControlRig_Pyramid_3mm.uasset" 614
"../../../Engine/Plugins/Animation/ControlRig/Content/Controls/ControlRig_Pyramid_3mm.uexp" 615
"../../../Engine/Plugins/Animation/ControlRig/Content/Controls/ControlRig_Pyramid_1mm.ubulk" 616
"../../../Engine/Plugins/Animation/ControlRig/Content/Controls/ControlRig_Pyramid_1mm.uasset" 617
"../../../Engine/Plugins/Animation/ControlRig/Content/Controls/ControlRig_Pyramid_1mm.uexp" 618
"../../../Engine/Plugins/Animation/ControlRig/Content/Controls/ControlRig_Octagon_solid.ubulk" 619
"../../../Engine/Plugins/Animation/ControlRig/Content/Controls/ControlRig_Octagon_solid.uasset" 620
"../../../Engine/Plugins/Animation/ControlRig/Content/Controls/ControlRig_Octagon_solid.uexp" 621
"../../../Engine/Plugins/Animation/ControlRig/Content/Controls/ControlRig_Octagon_3mm.ubulk" 622
"../../../Engine/Plugins/Animation/ControlRig/Content/Controls/ControlRig_Octagon_3mm.uasset" 623
"../../../Engine/Plugins/Animation/ControlRig/Content/Controls/ControlRig_Octagon_3mm.uexp" 624
"../../../Engine/Plugins/Animation/ControlRig/Content/Controls/ControlRig_Octagon_1mm.ubulk" 625
"../../../Engine/Plugins/Animation/ControlRig/Content/Controls/ControlRig_Octagon_1mm.uasset" 626
"../../../Engine/Plugins/Animation/ControlRig/Content/Controls/ControlRig_Octagon_1mm.uexp" 627
"../../../Engine/Plugins/Animation/ControlRig/Content/Controls/ControlRig_Hexagon_solid.ubulk" 628
"../../../Engine/Plugins/Animation/ControlRig/Content/Controls/ControlRig_Hexagon_solid.uasset" 629
"../../../Engine/Plugins/Animation/ControlRig/Content/Controls/ControlRig_Hexagon_solid.uexp" 630
"../../../Engine/Plugins/Animation/ControlRig/Content/Controls/ControlRig_Hexagon_3mm.ubulk" 631
"../../../Engine/Plugins/Animation/ControlRig/Content/Controls/ControlRig_Hexagon_3mm.uasset" 632
"../../../Engine/Plugins/Animation/ControlRig/Content/Controls/ControlRig_Hexagon_3mm.uexp" 633
"../../../Engine/Plugins/Animation/ControlRig/Content/Controls/ControlRig_Hexagon_1mm.ubulk" 634
"../../../Engine/Plugins/Animation/ControlRig/Content/Controls/ControlRig_Hexagon_1mm.uasset" 635
"../../../Engine/Plugins/Animation/ControlRig/Content/Controls/ControlRig_Hexagon_1mm.uexp" 636
"../../../Engine/Plugins/Animation/ControlRig/Content/Controls/ControlRig_HalfCircle_solid.ubulk" 637
"../../../Engine/Plugins/Animation/ControlRig/Content/Controls/ControlRig_HalfCircle_solid.uasset" 638
"../../../Engine/Plugins/Animation/ControlRig/Content/Controls/ControlRig_HalfCircle_solid.uexp" 639
"../../../Engine/Plugins/Animation/ControlRig/Content/Controls/ControlRig_HalfCircle_3mm.ubulk" 640
"../../../Engine/Plugins/Animation/ControlRig/Content/Controls/ControlRig_HalfCircle_3mm.uasset" 641
"../../../Engine/Plugins/Animation/ControlRig/Content/Controls/ControlRig_HalfCircle_3mm.uexp" 642
"../../../Engine/Plugins/Animation/ControlRig/Content/Controls/ControlRig_HalfCircle_1mm.ubulk" 643
"../../../Engine/Plugins/Animation/ControlRig/Content/Controls/ControlRig_HalfCircle_1mm.uasset" 644
"../../../Engine/Plugins/Animation/ControlRig/Content/Controls/ControlRig_HalfCircle_1mm.uexp" 645
"../../../Engine/Plugins/Animation/ControlRig/Content/Controls/ControlRig_Diamond_solid.ubulk" 646
"../../../Engine/Plugins/Animation/ControlRig/Content/Controls/ControlRig_Diamond_solid.uasset" 647
"../../../Engine/Plugins/Animation/ControlRig/Content/Controls/ControlRig_Diamond_solid.uexp" 648
"../../../Engine/Plugins/Animation/ControlRig/Content/Controls/ControlRig_Diamond_3mm.ubulk" 649
"../../../Engine/Plugins/Animation/ControlRig/Content/Controls/ControlRig_Diamond_3mm.uasset" 650
"../../../Engine/Plugins/Animation/ControlRig/Content/Controls/ControlRig_Diamond_3mm.uexp" 651
"../../../Engine/Plugins/Animation/ControlRig/Content/Controls/ControlRig_Diamond_1mm.ubulk" 652
"../../../Engine/Plugins/Animation/ControlRig/Content/Controls/ControlRig_Diamond_1mm.uasset" 653
"../../../Engine/Plugins/Animation/ControlRig/Content/Controls/ControlRig_Diamond_1mm.uexp" 654
"../../../Engine/Plugins/Animation/ControlRig/Content/Controls/ControlRig_Circle_solid.ubulk" 655
"../../../Engine/Plugins/Animation/ControlRig/Content/Controls/ControlRig_Circle_solid.uasset" 656
"../../../Engine/Plugins/Animation/ControlRig/Content/Controls/ControlRig_Circle_solid.uexp" 657
"../../../Engine/Plugins/Animation/ControlRig/Content/Controls/ControlRig_Circle_3mm.ubulk" 658
"../../../Engine/Plugins/Animation/ControlRig/Content/Controls/ControlRig_Circle_3mm.uasset" 659
"../../../Engine/Plugins/Animation/ControlRig/Content/Controls/ControlRig_Circle_3mm.uexp" 660
"../../../Engine/Plugins/Animation/ControlRig/Content/Controls/ControlRig_Circle_1mm.ubulk" 661
"../../../Engine/Plugins/Animation/ControlRig/Content/Controls/ControlRig_Circle_1mm.uasset" 662
"../../../Engine/Plugins/Animation/ControlRig/Content/Controls/ControlRig_Circle_1mm.uexp" 663
"../../../Engine/Plugins/Animation/ControlRig/Content/Controls/ControlRig_Box_solid.ubulk" 664
"../../../Engine/Plugins/Animation/ControlRig/Content/Controls/ControlRig_Box_solid.uasset" 665
"../../../Engine/Plugins/Animation/ControlRig/Content/Controls/ControlRig_Box_solid.uexp" 666
"../../../Engine/Plugins/Animation/ControlRig/Content/Controls/ControlRig_Box_3mm.ubulk" 667
"../../../Engine/Plugins/Animation/ControlRig/Content/Controls/ControlRig_Box_3mm.uasset" 668
"../../../Engine/Plugins/Animation/ControlRig/Content/Controls/ControlRig_Box_3mm.uexp" 669
"../../../Engine/Plugins/Animation/ControlRig/Content/Controls/ControlRig_Box_1mm.ubulk" 670
"../../../Engine/Plugins/Animation/ControlRig/Content/Controls/ControlRig_Box_1mm.uasset" 671
"../../../Engine/Plugins/Animation/ControlRig/Content/Controls/ControlRig_Box_1mm.uexp" 672
"../../../Engine/Plugins/Animation/ControlRig/Content/Controls/ControlRig_Arrow_solid.ubulk" 673
"../../../Engine/Plugins/Animation/ControlRig/Content/Controls/ControlRig_Arrow_solid.uasset" 674
"../../../Engine/Plugins/Animation/ControlRig/Content/Controls/ControlRig_Arrow_solid.uexp" 675
"../../../Engine/Plugins/Animation/ControlRig/Content/Controls/ControlRig_Arrow_3mm.ubulk" 676
"../../../Engine/Plugins/Animation/ControlRig/Content/Controls/ControlRig_Arrow_3mm.uasset" 677
"../../../Engine/Plugins/Animation/ControlRig/Content/Controls/ControlRig_Arrow_3mm.uexp" 678
"../../../Engine/Plugins/Animation/ControlRig/Content/Controls/ControlRig_Arrow_1mm.ubulk" 679
"../../../Engine/Plugins/Animation/ControlRig/Content/Controls/ControlRig_Arrow_1mm.uasset" 680
"../../../Engine/Plugins/Animation/ControlRig/Content/Controls/ControlRig_Arrow_1mm.uexp" 681
"../../../Engine/Plugins/Animation/ControlRig/Content/Controls/ControlRig_Arrow4_solid.ubulk" 682
"../../../Engine/Plugins/Animation/ControlRig/Content/Controls/ControlRig_Arrow4_solid.uasset" 683
"../../../Engine/Plugins/Animation/ControlRig/Content/Controls/ControlRig_Arrow4_solid.uexp" 684
"../../../Engine/Plugins/Animation/ControlRig/Content/Controls/ControlRig_Arrow4_3mm.ubulk" 685
"../../../Engine/Plugins/Animation/ControlRig/Content/Controls/ControlRig_Arrow4_3mm.uasset" 686
"../../../Engine/Plugins/Animation/ControlRig/Content/Controls/ControlRig_Arrow4_3mm.uexp" 687
"../../../Engine/Plugins/Animation/ControlRig/Content/Controls/ControlRig_Arrow4_1mm.ubulk" 688
"../../../Engine/Plugins/Animation/ControlRig/Content/Controls/ControlRig_Arrow4_1mm.uasset" 689
"../../../Engine/Plugins/Animation/ControlRig/Content/Controls/ControlRig_Arrow4_1mm.uexp" 690
"../../../Engine/Plugins/Animation/ControlRig/Content/Controls/ControlRig_Arrow2_solid.ubulk" 691
"../../../Engine/Plugins/Animation/ControlRig/Content/Controls/ControlRig_Arrow2_solid.uasset" 692
"../../../Engine/Plugins/Animation/ControlRig/Content/Controls/ControlRig_Arrow2_solid.uexp" 693
"../../../Engine/Plugins/Animation/ControlRig/Content/Controls/ControlRig_Arrow2_3mm.ubulk" 694
"../../../Engine/Plugins/Animation/ControlRig/Content/Controls/ControlRig_Arrow2_3mm.uasset" 695
"../../../Engine/Plugins/Animation/ControlRig/Content/Controls/ControlRig_Arrow2_3mm.uexp" 696
"../../../Engine/Plugins/Animation/ControlRig/Content/Controls/ControlRig_Arrow2_1mm.ubulk" 697
"../../../Engine/Plugins/Animation/ControlRig/Content/Controls/ControlRig_Arrow2_1mm.uasset" 698
"../../../Engine/Plugins/Animation/ControlRig/Content/Controls/ControlRig_Arrow2_1mm.uexp" 699
"../../../Engine/Plugins/Animation/ControlRig/Content/Controls/ControlRigXRayMaterial.uasset" 700
"../../../Engine/Plugins/Animation/ControlRig/Content/Controls/ControlRigXRayMaterial.uexp" 701
"../../../Engine/Plugins/Animation/ControlRig/Content/Controls/ControlRigGizmoMaterial.uasset" 702
"../../../Engine/Plugins/Animation/ControlRig/Content/Controls/ControlRigGizmoMaterial.uexp" 703
"../../../Engine/Plugins/Interchange/Assets/Content/gltf/Textures/T_White_srgb.uasset" 704
"../../../Engine/Plugins/Interchange/Assets/Content/gltf/Textures/T_White_srgb.uexp" 705
"../../../Engine/Plugins/Interchange/Assets/Content/gltf/MaterialFunctions/MF_BaseColor.uasset" 706
"../../../Engine/Plugins/Interchange/Assets/Content/gltf/MaterialFunctions/MF_BaseColor.uexp" 707
"../../../Engine/Plugins/Interchange/Assets/Content/gltf/MaterialFunctions/MF_RotateV2.uasset" 708
"../../../Engine/Plugins/Interchange/Assets/Content/gltf/MaterialFunctions/MF_RotateV2.uexp" 709
"../../../Engine/Plugins/Interchange/Assets/Content/gltf/MaterialFunctions/MF_TransformUVs.uasset" 710
"../../../Engine/Plugins/Interchange/Assets/Content/gltf/MaterialFunctions/MF_TransformUVs.uexp" 711
"../../../Engine/Plugins/Interchange/Assets/Content/gltf/MaterialBodies/MF_Unlit_Body.uasset" 712
"../../../Engine/Plugins/Interchange/Assets/Content/gltf/MaterialBodies/MF_Unlit_Body.uexp" 713
"../../../Engine/Plugins/Interchange/Assets/Content/gltf/M_Unlit.uasset" 714
"../../../Engine/Plugins/Interchange/Assets/Content/gltf/M_Unlit.uexp" 715
"../../../Engine/Plugins/Interchange/Assets/Content/gltf/MaterialInstances/MI_Unlit_Opaque_DS.uasset" 716
"../../../Engine/Plugins/Interchange/Assets/Content/gltf/MaterialInstances/MI_Unlit_Opaque_DS.uexp" 717
"../../../Engine/Plugins/Interchange/Assets/Content/gltf/MaterialInstances/MI_Unlit_Opaque.uasset" 718
"../../../Engine/Plugins/Interchange/Assets/Content/gltf/MaterialInstances/MI_Unlit_Opaque.uexp" 719
"../../../Engine/Plugins/Interchange/Assets/Content/gltf/MaterialInstances/MI_Unlit_Mask_DS.uasset" 720
"../../../Engine/Plugins/Interchange/Assets/Content/gltf/MaterialInstances/MI_Unlit_Mask_DS.uexp" 721
"../../../Engine/Plugins/Interchange/Assets/Content/gltf/MaterialInstances/MI_Unlit_Mask.uasset" 722
"../../../Engine/Plugins/Interchange/Assets/Content/gltf/MaterialInstances/MI_Unlit_Mask.uexp" 723
"../../../Engine/Plugins/Interchange/Assets/Content/gltf/MaterialInstances/MI_Unlit_Blend_DS.uasset" 724
"../../../Engine/Plugins/Interchange/Assets/Content/gltf/MaterialInstances/MI_Unlit_Blend_DS.uexp" 725
"../../../Engine/Plugins/Interchange/Assets/Content/gltf/MaterialInstances/MI_Unlit_Blend.uasset" 726
"../../../Engine/Plugins/Interchange/Assets/Content/gltf/MaterialInstances/MI_Unlit_Blend.uexp" 727
"../../../Engine/Content/Functions/Engine_MaterialFunctions02/Math/Transform3x3Matrix.uasset" 728
"../../../Engine/Content/Functions/Engine_MaterialFunctions02/Math/Transform3x3Matrix.uexp" 729
"../../../Engine/Content/EngineMaterials/Good64x64TilingNoiseHighFreq.uasset" 730
"../../../Engine/Content/EngineMaterials/Good64x64TilingNoiseHighFreq.uexp" 731
"../../../Engine/Content/Functions/Engine_MaterialFunctions02/Texturing/ScreenAlignedPixelToPixelUVs.uasset" 732
"../../../Engine/Content/Functions/Engine_MaterialFunctions02/Texturing/ScreenAlignedPixelToPixelUVs.uexp" 733
"../../../Engine/Plugins/Interchange/Assets/Content/gltf/MaterialFunctions/MF_Temporal_Blur.uasset" 734
"../../../Engine/Plugins/Interchange/Assets/Content/gltf/MaterialFunctions/MF_Temporal_Blur.uexp" 735
"../../../Engine/Plugins/Interchange/Assets/Content/gltf/MaterialFunctions/MF_Specular.uasset" 736
"../../../Engine/Plugins/Interchange/Assets/Content/gltf/MaterialFunctions/MF_Specular.uexp" 737
"../../../Engine/Plugins/Interchange/Assets/Content/gltf/Textures/T_Anisotropy_Direction_Linear.uasset" 738
"../../../Engine/Plugins/Interchange/Assets/Content/gltf/Textures/T_Anisotropy_Direction_Linear.uexp" 739
"../../../Engine/Plugins/Interchange/Assets/Content/gltf/MaterialFunctions/MF_SpecularAnisotropy.uasset" 740
"../../../Engine/Plugins/Interchange/Assets/Content/gltf/MaterialFunctions/MF_SpecularAnisotropy.uexp" 741
"../../../Engine/Plugins/Interchange/Assets/Content/gltf/Textures/T_White_Linear.uasset" 742
"../../../Engine/Plugins/Interchange/Assets/Content/gltf/Textures/T_White_Linear.uexp" 743
"../../../Engine/Plugins/Interchange/Assets/Content/gltf/MaterialFunctions/MF_MetallicRoughness.uasset" 744
"../../../Engine/Plugins/Interchange/Assets/Content/gltf/MaterialFunctions/MF_MetallicRoughness.uexp" 745
"../../../Engine/Plugins/Interchange/Assets/Content/gltf/Textures/T_Generic_N.uasset" 746
"../../../Engine/Plugins/Interchange/Assets/Content/gltf/Textures/T_Generic_N.uexp" 747
"../../../Engine/Plugins/Interchange/Assets/Content/gltf/MaterialFunctions/MF_ScaleNormal.uasset" 748
"../../../Engine/Plugins/Interchange/Assets/Content/gltf/MaterialFunctions/MF_ScaleNormal.uexp" 749
"../../../Engine/Plugins/Interchange/Assets/Content/gltf/MaterialFunctions/MF_Fresnel_DS.uasset" 750
"../../../Engine/Plugins/Interchange/Assets/Content/gltf/MaterialFunctions/MF_Fresnel_DS.uexp" 751
"../../../Engine/Plugins/Interchange/Assets/Content/gltf/MaterialFunctions/MF_Iridescence.uasset" 752
"../../../Engine/Plugins/Interchange/Assets/Content/gltf/MaterialFunctions/MF_Iridescence.uexp" 753
"../../../Engine/Plugins/Interchange/Assets/Content/gltf/MaterialFunctions/MF_Occlusion.uasset" 754
"../../../Engine/Plugins/Interchange/Assets/Content/gltf/MaterialFunctions/MF_Occlusion.uexp" 755
"../../../Engine/Plugins/Interchange/Assets/Content/gltf/MaterialFunctions/MF_IOR.uasset" 756
"../../../Engine/Plugins/Interchange/Assets/Content/gltf/MaterialFunctions/MF_IOR.uexp" 757
"../../../Engine/Plugins/Interchange/Assets/Content/gltf/MaterialFunctions/MF_Transmission.uasset" 758
"../../../Engine/Plugins/Interchange/Assets/Content/gltf/MaterialFunctions/MF_Transmission.uexp" 759
"../../../Engine/Plugins/Interchange/Assets/Content/gltf/MaterialFunctions/MF_RotateNormals_TS.uasset" 760
"../../../Engine/Plugins/Interchange/Assets/Content/gltf/MaterialFunctions/MF_RotateNormals_TS.uexp" 761
"../../../Engine/Plugins/Interchange/Assets/Content/gltf/MaterialFunctions/MF_Normals.uasset" 762
"../../../Engine/Plugins/Interchange/Assets/Content/gltf/MaterialFunctions/MF_Normals.uexp" 763
"../../../Engine/Plugins/Interchange/Assets/Content/gltf/MaterialBodies/MF_Transmission_Body.uasset" 764
"../../../Engine/Plugins/Interchange/Assets/Content/gltf/MaterialBodies/MF_Transmission_Body.uexp" 765
"../../../Engine/Plugins/Interchange/Assets/Content/gltf/M_Transmission.uasset" 766
"../../../Engine/Plugins/Interchange/Assets/Content/gltf/M_Transmission.uexp" 767
"../../../Engine/Plugins/Interchange/Assets/Content/gltf/MaterialInstances/MI_Transmission_DS.uasset" 768
"../../../Engine/Plugins/Interchange/Assets/Content/gltf/MaterialInstances/MI_Transmission_DS.uexp" 769
"../../../Engine/Plugins/Interchange/Assets/Content/gltf/MaterialInstances/MI_Transmission.uasset" 770
"../../../Engine/Plugins/Interchange/Assets/Content/gltf/MaterialInstances/MI_Transmission.uexp" 771
"../../../Engine/Content/Functions/Engine_MaterialFunctions02/Math/AddComponents.uasset" 772
"../../../Engine/Content/Functions/Engine_MaterialFunctions02/Math/AddComponents.uexp" 773
"../../../Engine/Plugins/Interchange/Assets/Content/gltf/MaterialFunctions/MF_DiffuseSpecGloss.uasset" 774
"../../../Engine/Plugins/Interchange/Assets/Content/gltf/MaterialFunctions/MF_DiffuseSpecGloss.uexp" 775
"../../../Engine/Plugins/Interchange/Assets/Content/gltf/MaterialFunctions/MF_Emissive.uasset" 776
"../../../Engine/Plugins/Interchange/Assets/Content/gltf/MaterialFunctions/MF_Emissive.uexp" 777
"../../../Engine/Plugins/Interchange/Assets/Content/gltf/MaterialFunctions/MF_PerceivedBrightness.uasset" 778
"../../../Engine/Plugins/Interchange/Assets/Content/gltf/MaterialFunctions/MF_PerceivedBrightness.uexp" 779
"../../../Engine/Plugins/Interchange/Assets/Content/gltf/MaterialFunctions/MF_SpecGlossToMetalRoughness.uasset" 780
"../../../Engine/Plugins/Interchange/Assets/Content/gltf/MaterialFunctions/MF_SpecGlossToMetalRoughness.uexp" 781
"../../../Engine/Plugins/Interchange/Assets/Content/gltf/MaterialFunctions/MF_MaxComponentValue.uasset" 782
"../../../Engine/Plugins/Interchange/Assets/Content/gltf/MaterialFunctions/MF_MaxComponentValue.uexp" 783
"../../../Engine/Plugins/Interchange/Assets/Content/gltf/MaterialBodies/MF_SpecularGlossiness_Body.uasset" 784
"../../../Engine/Plugins/Interchange/Assets/Content/gltf/MaterialBodies/MF_SpecularGlossiness_Body.uexp" 785
"../../../Engine/Plugins/Interchange/Assets/Content/gltf/M_SpecularGlossiness.uasset" 786
"../../../Engine/Plugins/Interchange/Assets/Content/gltf/M_SpecularGlossiness.uexp" 787
"../../../Engine/Plugins/Interchange/Assets/Content/gltf/MaterialInstances/MI_SpecularGlossiness_Opaque_DS.uasset" 788
"../../../Engine/Plugins/Interchange/Assets/Content/gltf/MaterialInstances/MI_SpecularGlossiness_Opaque_DS.uexp" 789
"../../../Engine/Plugins/Interchange/Assets/Content/gltf/MaterialInstances/MI_SpecularGlossiness_Opaque.uasset" 790
"../../../Engine/Plugins/Interchange/Assets/Content/gltf/MaterialInstances/MI_SpecularGlossiness_Opaque.uexp" 791
"../../../Engine/Plugins/Interchange/Assets/Content/gltf/MaterialInstances/MI_SpecularGlossiness_Mask_DS.uasset" 792
"../../../Engine/Plugins/Interchange/Assets/Content/gltf/MaterialInstances/MI_SpecularGlossiness_Mask_DS.uexp" 793
"../../../Engine/Plugins/Interchange/Assets/Content/gltf/MaterialInstances/MI_SpecularGlossiness_Mask.uasset" 794
"../../../Engine/Plugins/Interchange/Assets/Content/gltf/MaterialInstances/MI_SpecularGlossiness_Mask.uexp" 795
"../../../Engine/Plugins/Interchange/Assets/Content/gltf/MaterialInstances/MI_SpecularGlossiness_Blend_DS.uasset" 796
"../../../Engine/Plugins/Interchange/Assets/Content/gltf/MaterialInstances/MI_SpecularGlossiness_Blend_DS.uexp" 797
"../../../Engine/Plugins/Interchange/Assets/Content/gltf/MaterialInstances/MI_SpecularGlossiness_Blend.uasset" 798
"../../../Engine/Plugins/Interchange/Assets/Content/gltf/MaterialInstances/MI_SpecularGlossiness_Blend.uexp" 799
"../../../Engine/Plugins/Interchange/Assets/Content/gltf/MaterialFunctions/MF_Sheen.uasset" 800
"../../../Engine/Plugins/Interchange/Assets/Content/gltf/MaterialFunctions/MF_Sheen.uexp" 801
"../../../Engine/Plugins/Interchange/Assets/Content/gltf/MaterialBodies/MF_Sheen_Body.uasset" 802
"../../../Engine/Plugins/Interchange/Assets/Content/gltf/MaterialBodies/MF_Sheen_Body.uexp" 803
"../../../Engine/Plugins/Interchange/Assets/Content/gltf/M_Sheen.uasset" 804
"../../../Engine/Plugins/Interchange/Assets/Content/gltf/M_Sheen.uexp" 805
"../../../Engine/Plugins/Interchange/Assets/Content/gltf/MaterialInstances/MI_Sheen_Opaque_DS.uasset" 806
"../../../Engine/Plugins/Interchange/Assets/Content/gltf/MaterialInstances/MI_Sheen_Opaque_DS.uexp" 807
"../../../Engine/Plugins/Interchange/Assets/Content/gltf/MaterialInstances/MI_Sheen_Opaque.uasset" 808
"../../../Engine/Plugins/Interchange/Assets/Content/gltf/MaterialInstances/MI_Sheen_Opaque.uexp" 809
"../../../Engine/Plugins/Interchange/Assets/Content/gltf/MaterialInstances/MI_Sheen_Mask_DS.uasset" 810
"../../../Engine/Plugins/Interchange/Assets/Content/gltf/MaterialInstances/MI_Sheen_Mask_DS.uexp" 811
"../../../Engine/Plugins/Interchange/Assets/Content/gltf/MaterialInstances/MI_Sheen_Mask.uasset" 812
"../../../Engine/Plugins/Interchange/Assets/Content/gltf/MaterialInstances/MI_Sheen_Mask.uexp" 813
"../../../Engine/Plugins/Interchange/Assets/Content/gltf/MaterialInstances/MI_Sheen_Blend_DS.uasset" 814
"../../../Engine/Plugins/Interchange/Assets/Content/gltf/MaterialInstances/MI_Sheen_Blend_DS.uexp" 815
"../../../Engine/Plugins/Interchange/Assets/Content/gltf/MaterialInstances/MI_Sheen_Blend.uasset" 816
"../../../Engine/Plugins/Interchange/Assets/Content/gltf/MaterialInstances/MI_Sheen_Blend.uexp" 817
"../../../Engine/Plugins/Interchange/Assets/Content/gltf/MaterialBodies/MF_Default_Body.uasset" 818
"../../../Engine/Plugins/Interchange/Assets/Content/gltf/MaterialBodies/MF_Default_Body.uexp" 819
"../../../Engine/Plugins/Interchange/Assets/Content/gltf/M_Default.uasset" 820
"../../../Engine/Plugins/Interchange/Assets/Content/gltf/M_Default.uexp" 821
"../../../Engine/Plugins/Interchange/Assets/Content/gltf/MaterialInstances/MI_Default_Opaque_DS.uasset" 822
"../../../Engine/Plugins/Interchange/Assets/Content/gltf/MaterialInstances/MI_Default_Opaque_DS.uexp" 823
"../../../Engine/Plugins/Interchange/Assets/Content/gltf/MaterialInstances/MI_Default_Opaque.uasset" 824
"../../../Engine/Plugins/Interchange/Assets/Content/gltf/MaterialInstances/MI_Default_Opaque.uexp" 825
"../../../Engine/Plugins/Interchange/Assets/Content/gltf/MaterialInstances/MI_Default_Mask_DS.uasset" 826
"../../../Engine/Plugins/Interchange/Assets/Content/gltf/MaterialInstances/MI_Default_Mask_DS.uexp" 827
"../../../Engine/Plugins/Interchange/Assets/Content/gltf/MaterialInstances/MI_Default_Mask.uasset" 828
"../../../Engine/Plugins/Interchange/Assets/Content/gltf/MaterialInstances/MI_Default_Mask.uexp" 829
"../../../Engine/Plugins/Interchange/Assets/Content/gltf/MaterialInstances/MI_Default_Blend_DS.uasset" 830
"../../../Engine/Plugins/Interchange/Assets/Content/gltf/MaterialInstances/MI_Default_Blend_DS.uexp" 831
"../../../Engine/Plugins/Interchange/Assets/Content/gltf/MaterialInstances/MI_Default_Blend.uasset" 832
"../../../Engine/Plugins/Interchange/Assets/Content/gltf/MaterialInstances/MI_Default_Blend.uexp" 833
"../../../Engine/Content/Functions/Engine_MaterialFunctions01/Texturing/FlattenNormal.uasset" 834
"../../../Engine/Content/Functions/Engine_MaterialFunctions01/Texturing/FlattenNormal.uexp" 835
"../../../Engine/Plugins/Interchange/Assets/Content/gltf/MaterialFunctions/MF_Clearcoat.uasset" 836
"../../../Engine/Plugins/Interchange/Assets/Content/gltf/MaterialFunctions/MF_Clearcoat.uexp" 837
"../../../Engine/Plugins/Interchange/Assets/Content/gltf/MaterialBodies/MF_ClearCoat_Body.uasset" 838
"../../../Engine/Plugins/Interchange/Assets/Content/gltf/MaterialBodies/MF_ClearCoat_Body.uexp" 839
"../../../Engine/Plugins/Interchange/Assets/Content/gltf/M_ClearCoat.uasset" 840
"../../../Engine/Plugins/Interchange/Assets/Content/gltf/M_ClearCoat.uexp" 841
"../../../Engine/Plugins/Interchange/Assets/Content/gltf/MaterialInstances/MI_ClearCoat_Opaque_DS.uasset" 842
"../../../Engine/Plugins/Interchange/Assets/Content/gltf/MaterialInstances/MI_ClearCoat_Opaque_DS.uexp" 843
"../../../Engine/Plugins/Interchange/Assets/Content/gltf/MaterialInstances/MI_ClearCoat_Opaque.uasset" 844
"../../../Engine/Plugins/Interchange/Assets/Content/gltf/MaterialInstances/MI_ClearCoat_Opaque.uexp" 845
"../../../Engine/Plugins/Interchange/Assets/Content/gltf/MaterialInstances/MI_ClearCoat_Mask_DS.uasset" 846
"../../../Engine/Plugins/Interchange/Assets/Content/gltf/MaterialInstances/MI_ClearCoat_Mask_DS.uexp" 847
"../../../Engine/Plugins/Interchange/Assets/Content/gltf/MaterialInstances/MI_ClearCoat_Mask.uasset" 848
"../../../Engine/Plugins/Interchange/Assets/Content/gltf/MaterialInstances/MI_ClearCoat_Mask.uexp" 849
"../../../Engine/Plugins/Interchange/Assets/Content/gltf/MaterialInstances/MI_ClearCoat_Blend_DS.uasset" 850
"../../../Engine/Plugins/Interchange/Assets/Content/gltf/MaterialInstances/MI_ClearCoat_Blend_DS.uexp" 851
"../../../Engine/Plugins/Interchange/Assets/Content/gltf/MaterialInstances/MI_ClearCoat_Blend.uasset" 852
"../../../Engine/Plugins/Interchange/Assets/Content/gltf/MaterialInstances/MI_ClearCoat_Blend.uexp" 853
"../../../Engine/Content/VREditor/TransformGizmo/Main.uasset" 854
"../../../Engine/Content/VREditor/TransformGizmo/Main.uexp" 855
"../../../Engine/Content/VREditor/TransformGizmo/Xray.uasset" 856
"../../../Engine/Content/VREditor/TransformGizmo/Xray.uexp" 857
"../../../Engine/Content/VREditor/TransformGizmo/SM_Sequencer_Node.ubulk" 858
"../../../Engine/Content/VREditor/TransformGizmo/SM_Sequencer_Node.uasset" 859
"../../../Engine/Content/VREditor/TransformGizmo/SM_Sequencer_Node.uexp" 860
"../../../Engine/Content/VREditor/LaserPointer/VR_LaserPower_01.ubulk" 861
"../../../Engine/Content/VREditor/LaserPointer/VR_LaserPower_01.uasset" 862
"../../../Engine/Content/VREditor/LaserPointer/VR_LaserPower_01.uexp" 863
"../../../Engine/Content/VREditor/TransformGizmo/TransformGizmoMaterial.uasset" 864
"../../../Engine/Content/VREditor/TransformGizmo/TransformGizmoMaterial.uexp" 865
"../../../Engine/Content/VREditor/TransformGizmo/TranslucentTransformGizmoMaterial.uasset" 866
"../../../Engine/Content/VREditor/TransformGizmo/TranslucentTransformGizmoMaterial.uexp" 867
"../../../Engine/Content/VREditor/TransformGizmo/BoundingBoxEdge.ubulk" 868
"../../../Engine/Content/VREditor/TransformGizmo/BoundingBoxEdge.uasset" 869
"../../../Engine/Content/VREditor/TransformGizmo/BoundingBoxEdge.uexp" 870
"../../../Engine/Content/VREditor/TransformGizmo/BoundingBoxCorner.ubulk" 871
"../../../Engine/Content/VREditor/TransformGizmo/BoundingBoxCorner.uasset" 872
"../../../Engine/Content/VREditor/TransformGizmo/BoundingBoxCorner.uexp" 873
"../../../Engine/Content/EngineSky/VolumetricClouds/T_CloudMask.ubulk" 874
"../../../Engine/Content/EngineSky/VolumetricClouds/T_CloudMask.uasset" 875
"../../../Engine/Content/EngineSky/VolumetricClouds/T_CloudMask.uexp" 876
"../../../Engine/Content/EngineSky/VolumetricClouds/VT_Lightning.uasset" 877
"../../../Engine/Content/EngineSky/VolumetricClouds/VT_Lightning.uexp" 878
"../../../Engine/Content/EngineSky/VolumetricClouds/T_Profile_08.ubulk" 879
"../../../Engine/Content/EngineSky/VolumetricClouds/T_Profile_08.uasset" 880
"../../../Engine/Content/EngineSky/VolumetricClouds/T_Profile_08.uexp" 881
"../../../Engine/Content/Functions/Engine_MaterialFunctions02/Utility/MakeFloat4.uasset" 882
"../../../Engine/Content/Functions/Engine_MaterialFunctions02/Utility/MakeFloat4.uexp" 883
"../../../Engine/Content/Functions/Engine_MaterialFunctions01/Units/Km-to-Cm.uasset" 884
"../../../Engine/Content/Functions/Engine_MaterialFunctions01/Units/Km-to-Cm.uexp" 885
"../../../Engine/Content/Functions/Engine_MaterialFunctions02/Utility/BreakOutFloat4Components.uasset" 886
"../../../Engine/Content/Functions/Engine_MaterialFunctions02/Utility/BreakOutFloat4Components.uexp" 887
"../../../Engine/Content/EngineSky/VolumetricClouds/T_CloudPattern.ubulk" 888
"../../../Engine/Content/EngineSky/VolumetricClouds/T_CloudPattern.uasset" 889
"../../../Engine/Content/EngineSky/VolumetricClouds/T_CloudPattern.uexp" 890
"../../../Engine/Content/EngineSky/VolumetricClouds/VT_PerlinWorley_Balanced.uasset" 891
"../../../Engine/Content/EngineSky/VolumetricClouds/VT_PerlinWorley_Balanced.uexp" 892
"../../../Engine/Content/EngineSky/VolumetricClouds/m_SimpleVolumetricCloud.uasset" 893
"../../../Engine/Content/EngineSky/VolumetricClouds/m_SimpleVolumetricCloud.uexp" 894
"../../../Engine/Content/EngineSky/VolumetricClouds/m_SimpleVolumetricCloud_Inst.uasset" 895
"../../../Engine/Content/EngineSky/VolumetricClouds/m_SimpleVolumetricCloud_Inst.uexp" 896
"../../../Engine/Content/EditorMaterials/Camera/CineMat.uasset" 897
"../../../Engine/Content/EditorMaterials/Camera/CineMat.uexp" 898
"../../../Engine/Content/EditorMaterials/Camera/MI_CineMat_Rig.uasset" 899
"../../../Engine/Content/EditorMaterials/Camera/MI_CineMat_Rig.uexp" 900
"../../../Engine/Content/EditorMeshes/Camera/SM_RailRig_Track.ubulk" 901
"../../../Engine/Content/EditorMeshes/Camera/SM_RailRig_Track.uasset" 902
"../../../Engine/Content/EditorMeshes/Camera/SM_RailRig_Track.uexp" 903
"../../../Engine/Content/EditorMeshes/Camera/SM_RailRig_Mount.ubulk" 904
"../../../Engine/Content/EditorMeshes/Camera/SM_RailRig_Mount.uasset" 905
"../../../Engine/Content/EditorMeshes/Camera/SM_RailRig_Mount.uexp" 906
"../../../Engine/Content/EditorMeshes/Camera/SM_CraneRig_Mount.ubulk" 907
"../../../Engine/Content/EditorMeshes/Camera/SM_CraneRig_Mount.uasset" 908
"../../../Engine/Content/EditorMeshes/Camera/SM_CraneRig_Mount.uexp" 909
"../../../Engine/Content/EditorMeshes/Camera/SM_CraneRig_Body.ubulk" 910
"../../../Engine/Content/EditorMeshes/Camera/SM_CraneRig_Body.uasset" 911
"../../../Engine/Content/EditorMeshes/Camera/SM_CraneRig_Body.uexp" 912
"../../../Engine/Content/EditorMeshes/Camera/SM_CraneRig_Base.ubulk" 913
"../../../Engine/Content/EditorMeshes/Camera/SM_CraneRig_Base.uasset" 914
"../../../Engine/Content/EditorMeshes/Camera/SM_CraneRig_Base.uexp" 915
"../../../Engine/Content/EditorMeshes/Camera/SM_CraneRig_Arm.ubulk" 916
"../../../Engine/Content/EditorMeshes/Camera/SM_CraneRig_Arm.uasset" 917
"../../../Engine/Content/EditorMeshes/Camera/SM_CraneRig_Arm.uexp" 918
"../../../Engine/Content/EditorMaterials/Dataflow/DataflowVertexMaterial.uasset" 919
"../../../Engine/Content/EditorMaterials/Dataflow/DataflowVertexMaterial.uexp" 920
"../../../Engine/Content/EditorMaterials/Dataflow/DataflowTwoSidedVertexMaterial.uasset" 921
"../../../Engine/Content/EditorMaterials/Dataflow/DataflowTwoSidedVertexMaterial.uexp" 922
"../../../Engine/Content/Functions/Engine_MaterialFunctions01/Shading/PowerToRoughness.uasset" 923
"../../../Engine/Content/Functions/Engine_MaterialFunctions01/Shading/PowerToRoughness.uexp" 924
"../../../Engine/Content/Functions/Engine_MaterialFunctions01/Shading/ConvertFromDiffSpec.uasset" 925
"../../../Engine/Content/Functions/Engine_MaterialFunctions01/Shading/ConvertFromDiffSpec.uexp" 926
"../../../Engine/Content/EngineMaterials/Substrate/Volume/SubstrateSimpleVolumeLUT3D.uasset" 927
"../../../Engine/Content/EngineMaterials/Substrate/Volume/SubstrateSimpleVolumeLUT3D.uexp" 928
"../../../Engine/Content/EngineMaterials/Substrate/Volume/SubstrateSimpleVolumeEnvLUT3D.uasset" 929
"../../../Engine/Content/EngineMaterials/Substrate/Volume/SubstrateSimpleVolumeEnvLUT3D.uexp" 930
"../../../Engine/Content/EngineMaterials/Substrate/GLints2/AGlintTex2dArray2.uasset" 931
"../../../Engine/Content/EngineMaterials/Substrate/GLints2/AGlintTex2dArray2.uexp" 932
"../../../Engine/Content/EngineMaterials/Substrate/GLints/AGlintTex2dArray.uasset" 933
"../../../Engine/Content/EngineMaterials/Substrate/GLints/AGlintTex2dArray.uexp" 934
"../../../Engine/Content/ArtTools/RenderToTexture/Meshes/S_1_Unit_Plane.ubulk" 935
"../../../Engine/Content/ArtTools/RenderToTexture/Meshes/S_1_Unit_Plane.uasset" 936
"../../../Engine/Content/ArtTools/RenderToTexture/Meshes/S_1_Unit_Plane.uexp" 937
"../../../Engine/Content/VREditor/TransformGizmo/StartRotationHandleIndicator.ubulk" 938
"../../../Engine/Content/VREditor/TransformGizmo/StartRotationHandleIndicator.uasset" 939
"../../../Engine/Content/VREditor/TransformGizmo/StartRotationHandleIndicator.uexp" 940
"../../../Engine/Content/VREditor/Sounds/UI/Drop_Item_From_ContentBrowser.ubulk" 941
"../../../Engine/Content/VREditor/Sounds/UI/Drop_Item_From_ContentBrowser.uasset" 942
"../../../Engine/Content/VREditor/Sounds/UI/Drop_Item_From_ContentBrowser.uexp" 943
"../../../Engine/Content/VREditor/TransformGizmo/PlaneTranslationHandle.ubulk" 944
"../../../Engine/Content/VREditor/TransformGizmo/PlaneTranslationHandle.uasset" 945
"../../../Engine/Content/VREditor/TransformGizmo/PlaneTranslationHandle.uexp" 946
"../../../Engine/Content/VREditor/Sounds/UI/Object_Snaps_To_Grid.ubulk" 947
"../../../Engine/Content/VREditor/Sounds/UI/Object_Snaps_To_Grid.uasset" 948
"../../../Engine/Content/VREditor/Sounds/UI/Object_Snaps_To_Grid.uexp" 949
"../../../Engine/Content/VREditor/Sounds/UI/Selection_Changes.ubulk" 950
"../../../Engine/Content/VREditor/Sounds/UI/Selection_Changes.uasset" 951
"../../../Engine/Content/VREditor/Sounds/UI/Selection_Changes.uexp" 952
"../../../Engine/Content/VREditor/Sounds/UI/Object_Snaps_To_Another_Actor.ubulk" 953
"../../../Engine/Content/VREditor/Sounds/UI/Object_Snaps_To_Another_Actor.uasset" 954
"../../../Engine/Content/VREditor/Sounds/UI/Object_Snaps_To_Another_Actor.uexp" 955
"../../../Engine/Content/VREditor/TransformGizmo/TranslucentTransformGizmoMaterial_Inst.uasset" 956
"../../../Engine/Content/VREditor/TransformGizmo/TranslucentTransformGizmoMaterial_Inst.uexp" 957
"../../../Engine/Content/VREditor/TransformGizmo/TransformGizmoFreeRotation.ubulk" 958
"../../../Engine/Content/VREditor/TransformGizmo/TransformGizmoFreeRotation.uasset" 959
"../../../Engine/Content/VREditor/TransformGizmo/TransformGizmoFreeRotation.uexp" 960
"../../../Engine/Content/VREditor/Sounds/UI/Scaling_Down.ubulk" 961
"../../../Engine/Content/VREditor/Sounds/UI/Scaling_Down.uasset" 962
"../../../Engine/Content/VREditor/Sounds/UI/Scaling_Down.uexp" 963
"../../../Engine/Content/Functions/Engine_MaterialFunctions02/SplitComponents.uasset" 964
"../../../Engine/Content/Functions/Engine_MaterialFunctions02/SplitComponents.uexp" 965
"../../../Engine/Content/VREditor/SnapGrid/SnapGridMaterial.uasset" 966
"../../../Engine/Content/VREditor/SnapGrid/SnapGridMaterial.uexp" 967
"../../../Engine/Content/VREditor/SnapGrid/SnapGridPlaneMesh.ubulk" 968
"../../../Engine/Content/VREditor/SnapGrid/SnapGridPlaneMesh.uasset" 969
"../../../Engine/Content/VREditor/SnapGrid/SnapGridPlaneMesh.uexp" 970
"../../../Engine/Content/VREditor/Sounds/UI/Scaling_Up.ubulk" 971
"../../../Engine/Content/VREditor/Sounds/UI/Scaling_Up.uasset" 972
"../../../Engine/Content/VREditor/Sounds/UI/Scaling_Up.uexp" 973
"../../../Engine/Content/VREditor/TransformGizmo/TransformGizmoMaterial_Inst.uasset" 974
"../../../Engine/Content/VREditor/TransformGizmo/TransformGizmoMaterial_Inst.uexp" 975
"../../../Engine/Content/VREditor/Sounds/UI/Gizmo_Handle_Clicked.ubulk" 976
"../../../Engine/Content/VREditor/Sounds/UI/Gizmo_Handle_Clicked.uasset" 977
"../../../Engine/Content/VREditor/Sounds/UI/Gizmo_Handle_Clicked.uexp" 978
"../../../Engine/Content/VREditor/TransformGizmo/RotationHandleQuarter.ubulk" 979
"../../../Engine/Content/VREditor/TransformGizmo/RotationHandleQuarter.uasset" 980
"../../../Engine/Content/VREditor/TransformGizmo/RotationHandleQuarter.uexp" 981
"../../../Engine/Content/VREditor/TransformGizmo/TranslateArrowHandle.ubulk" 982
"../../../Engine/Content/VREditor/TransformGizmo/TranslateArrowHandle.uasset" 983
"../../../Engine/Content/VREditor/TransformGizmo/TranslateArrowHandle.uexp" 984
"../../../Engine/Content/VREditor/TransformGizmo/RotationHandleIndicator.ubulk" 985
"../../../Engine/Content/VREditor/TransformGizmo/RotationHandleIndicator.uasset" 986
"../../../Engine/Content/VREditor/TransformGizmo/RotationHandleIndicator.uexp" 987
"../../../Engine/Content/VREditor/TransformGizmo/UniformScaleHandle.ubulk" 988
"../../../Engine/Content/VREditor/TransformGizmo/UniformScaleHandle.uasset" 989
"../../../Engine/Content/VREditor/TransformGizmo/UniformScaleHandle.uexp" 990
"../../../Engine/Content/VREditor/TransformGizmo/RotationHandleFull.ubulk" 991
"../../../Engine/Content/VREditor/TransformGizmo/RotationHandleFull.uasset" 992
"../../../Engine/Content/VREditor/TransformGizmo/RotationHandleFull.uexp" 993
"../../../Engine/Content/VREditor/Sounds/UI/Object_PickUp.ubulk" 994
"../../../Engine/Content/VREditor/Sounds/UI/Object_PickUp.uasset" 995
"../../../Engine/Content/VREditor/Sounds/UI/Object_PickUp.uexp" 996
"../../../Engine/Plugins/Animation/DeformerGraph/Content/DeformerFunctions/DG_Function_ComputeNormalsTangents.uasset" 997
"../../../Engine/Plugins/Animation/DeformerGraph/Content/DeformerFunctions/DG_Function_ComputeNormalsTangents.uexp" 998
"../../../Engine/Plugins/Animation/DeformerGraph/Content/DeformerFunctions/DG_Function_LinearBlendSkin_Morph_Cloth.uasset" 999
"../../../Engine/Plugins/Animation/DeformerGraph/Content/DeformerFunctions/DG_Function_LinearBlendSkin_Morph_Cloth.uexp" 1000
"../../../Engine/Plugins/Animation/DeformerGraph/Content/DeformerFunctions/DG_Function_LinearBlendSkin_Morph_Cloth_PositionOnly.uasset" 1001
"../../../Engine/Plugins/Animation/DeformerGraph/Content/DeformerFunctions/DG_Function_LinearBlendSkin_Morph_Cloth_PositionOnly.uexp" 1002
"../../../Engine/Plugins/Animation/DeformerGraph/Content/Deformers/DG_LinearBlendSkin_Morph_Cloth.uasset" 1003
"../../../Engine/Plugins/Animation/DeformerGraph/Content/Deformers/DG_LinearBlendSkin_Morph_Cloth.uexp" 1004
"../../../Engine/Plugins/Animation/DeformerGraph/Content/Deformers/DG_LinearBlendSkin_Morph_Cloth_RecomputeNormals.uasset" 1005
"../../../Engine/Plugins/Animation/DeformerGraph/Content/Deformers/DG_LinearBlendSkin_Morph_Cloth_RecomputeNormals.uexp" 1006
"../../../Engine/Content/EngineResources/LandscapeVisibilityLayerInfo.uasset" 1007
"../../../Engine/Content/EngineResources/LandscapeVisibilityLayerInfo.uexp" 1008
"../../../Engine/Plugins/NNE/NNEDenoiser/Content/NNEDT_Oidn2-3_Balanced.uasset" 1009
"../../../Engine/Plugins/NNE/NNEDenoiser/Content/NNEDT_Oidn2-3_Balanced.uexp" 1010
"../../../Engine/Plugins/NNE/NNEDenoiser/Content/NNEDT_Oidn2-3_Balanced_Alpha.uasset" 1011
"../../../Engine/Plugins/NNE/NNEDenoiser/Content/NNEDT_Oidn2-3_Balanced_Alpha.uexp" 1012
"../../../Engine/Plugins/NNE/NNEDenoiser/Content/NNED_Oidn2-3_Balanced.uasset" 1013
"../../../Engine/Plugins/NNE/NNEDenoiser/Content/NNED_Oidn2-3_Balanced.uexp" 1014
"../../../Engine/Plugins/NNE/NNEDenoiser/Content/NNED_Oidn2-3_Balanced_Alpha.uasset" 1015
"../../../Engine/Plugins/NNE/NNEDenoiser/Content/NNED_Oidn2-3_Balanced_Alpha.uexp" 1016
"../../../Engine/Plugins/NNE/NNEDenoiser/Content/NNED_Oidn2-3_Fast.uasset" 1017
"../../../Engine/Plugins/NNE/NNEDenoiser/Content/NNED_Oidn2-3_Fast.uexp" 1018
"../../../Engine/Plugins/NNE/NNEDenoiser/Content/NNED_Oidn2-3_Fast_Alpha.uasset" 1019
"../../../Engine/Plugins/NNE/NNEDenoiser/Content/NNED_Oidn2-3_Fast_Alpha.uexp" 1020
"../../../Engine/Plugins/NNE/NNEDenoiser/Content/NNED_Oidn2-3_HighQuality.uasset" 1021
"../../../Engine/Plugins/NNE/NNEDenoiser/Content/NNED_Oidn2-3_HighQuality.uexp" 1022
"../../../Engine/Plugins/NNE/NNEDenoiser/Content/NNED_Oidn2-3_HighQuality_Alpha.uasset" 1023
"../../../Engine/Plugins/NNE/NNEDenoiser/Content/NNED_Oidn2-3_HighQuality_Alpha.uexp" 1024
"../../../Engine/Plugins/NNE/NNEDenoiser/Content/NNE_oidn2-3-0_rt_hdr_alb_nrm_small__dyn__fp16_opset11_DenoiseAlpha.uasset" 1025
"../../../Engine/Plugins/NNE/NNEDenoiser/Content/NNE_oidn2-3-0_rt_hdr_alb_nrm_small__dyn__fp16_opset11_DenoiseAlpha.uexp" 1026
"../../../Engine/Plugins/NNE/NNEDenoiser/Content/NNE_oidn2-3-0_rt_hdr_alb_nrm_small__dyn__fp16_opset11_ForwardAlpha.uasset" 1027
"../../../Engine/Plugins/NNE/NNEDenoiser/Content/NNE_oidn2-3-0_rt_hdr_alb_nrm_small__dyn__fp16_opset11_ForwardAlpha.uexp" 1028
"../../../Engine/Plugins/NNE/NNEDenoiser/Content/NNE_oidn2-3-0_rt_hdr_alb_nrm__dyn__fp16_opset11_DenoiseAlpha.uasset" 1029
"../../../Engine/Plugins/NNE/NNEDenoiser/Content/NNE_oidn2-3-0_rt_hdr_alb_nrm__dyn__fp16_opset11_DenoiseAlpha.uexp" 1030
"../../../Engine/Plugins/NNE/NNEDenoiser/Content/NNE_oidn2-3-0_rt_hdr_alb_nrm__dyn__fp16_opset11_ForwardAlpha.uasset" 1031
"../../../Engine/Plugins/NNE/NNEDenoiser/Content/NNE_oidn2-3-0_rt_hdr_alb_nrm__dyn__fp16_opset11_ForwardAlpha.uexp" 1032
"../../../Engine/Plugins/NNE/NNEDenoiser/Content/NNE_oidn2-3-0_rt_hdr_calb_cnrm_large__dyn__fp16_opset11_DenoiseAlpha.uasset" 1033
"../../../Engine/Plugins/NNE/NNEDenoiser/Content/NNE_oidn2-3-0_rt_hdr_calb_cnrm_large__dyn__fp16_opset11_DenoiseAlpha.uexp" 1034
"../../../Engine/Plugins/NNE/NNEDenoiser/Content/NNE_oidn2-3-0_rt_hdr_calb_cnrm_large__dyn__fp16_opset11_ForwardAlpha.uasset" 1035
"../../../Engine/Plugins/NNE/NNEDenoiser/Content/NNE_oidn2-3-0_rt_hdr_calb_cnrm_large__dyn__fp16_opset11_ForwardAlpha.uexp" 1036
"D:/Gobbo3/GobbosDream/Content/Menu_UI/Play.uasset" 1037
"D:/Gobbo3/GobbosDream/Content/Menu_UI/Play.uexp" 1038
"D:/Gobbo3/GobbosDream/Content/Menu_UI/Quit_Game.uasset" 1039
"D:/Gobbo3/GobbosDream/Content/Menu_UI/Quit_Game.uexp" 1040
"D:/Gobbo3/GobbosDream/Content/Menu_UI/CreditsCloud.uasset" 1041
"D:/Gobbo3/GobbosDream/Content/Menu_UI/CreditsCloud.uexp" 1042
"D:/Gobbo3/GobbosDream/Content/Menu_UI/WB_Credits.uasset" 1043
"D:/Gobbo3/GobbosDream/Content/Menu_UI/WB_Credits.uexp" 1044
"D:/Gobbo3/GobbosDream/Content/SC_Audio.uasset" 1045
"D:/Gobbo3/GobbosDream/Content/SC_Audio.uexp" 1046
"D:/Gobbo3/GobbosDream/Content/SC_Music.uasset" 1047
"D:/Gobbo3/GobbosDream/Content/SC_Music.uexp" 1048
"D:/Gobbo3/GobbosDream/Content/NewSoundMix.uasset" 1049
"D:/Gobbo3/GobbosDream/Content/NewSoundMix.uexp" 1050
"../../../Engine/Content/VREditor/Sounds/VR_confirm.ubulk" 1051
"../../../Engine/Content/VREditor/Sounds/VR_confirm.uasset" 1052
"../../../Engine/Content/VREditor/Sounds/VR_confirm.uexp" 1053
"D:/Gobbo3/GobbosDream/Content/Menu_UI/WB_Options.uasset" 1054
"D:/Gobbo3/GobbosDream/Content/Menu_UI/WB_Options.uexp" 1055
"D:/Gobbo3/GobbosDream/Content/Menu_UI/Credits.uasset" 1056
"D:/Gobbo3/GobbosDream/Content/Menu_UI/Credits.uexp" 1057
"D:/Gobbo3/GobbosDream/Content/Menu_UI/High_Score.uasset" 1058
"D:/Gobbo3/GobbosDream/Content/Menu_UI/High_Score.uexp" 1059
"D:/Gobbo3/GobbosDream/Content/Menu_UI/Title.uasset" 1060
"D:/Gobbo3/GobbosDream/Content/Menu_UI/Title.uexp" 1061
"D:/Gobbo3/GobbosDream/Content/Menu_UI/Options.uasset" 1062
"D:/Gobbo3/GobbosDream/Content/Menu_UI/Options.uexp" 1063
"D:/Gobbo3/GobbosDream/Content/StarterContent/Audio/Steam01.ubulk" 1064
"D:/Gobbo3/GobbosDream/Content/StarterContent/Audio/Steam01.uasset" 1065
"D:/Gobbo3/GobbosDream/Content/StarterContent/Audio/Steam01.uexp" 1066
"D:/Gobbo3/GobbosDream/Content/Menu_UI/W_Main.uasset" 1067
"D:/Gobbo3/GobbosDream/Content/Menu_UI/W_Main.uexp" 1068
"D:/Gobbo3/GobbosDream/Content/LevelsFolder/GM_MainMenu.uasset" 1069
"D:/Gobbo3/GobbosDream/Content/LevelsFolder/GM_MainMenu.uexp" 1070
"D:/Gobbo3/GobbosDream/Content/LevelsFolder/MainMenu.uexp" 1071
"D:/Gobbo3/GobbosDream/Content/LevelsFolder/MainMenu.umap" 1072
